
 /----------------------------------------------------------------------------\
 |  yosys -- Yosys Open SYnthesis Suite                                       |
 |  Copyright (C) 2012 - 2026  Claire Xenia Wolf <claire@yosyshq.com>         |
 |  Distributed under an ISC-like license, type "license" to see terms        |
 \----------------------------------------------------------------------------/
 Yosys 0.63+190 (git sha1 37ca545b6-dirty, x86_64-apple-darwin23.5-clang++ 18.1.8 -fPIC -O3)

-- Parsing `top.v' using frontend ` -vlog2k' --

1. Executing Verilog-2005 frontend: top.v
Parsing Verilog input from `top.v' to AST representation.
Storing AST representation for module `$abstract\top'.
Successfully finished Verilog frontend.

-- Parsing `uart_tx.v' using frontend ` -vlog2k' --

2. Executing Verilog-2005 frontend: uart_tx.v
Parsing Verilog input from `uart_tx.v' to AST representation.
Storing AST representation for module `$abstract\uart_tx'.
Successfully finished Verilog frontend.

-- Parsing `uart_rx.v' using frontend ` -vlog2k' --

3. Executing Verilog-2005 frontend: uart_rx.v
Parsing Verilog input from `uart_rx.v' to AST representation.
Storing AST representation for module `$abstract\uart_rx'.
Successfully finished Verilog frontend.

-- Parsing `fifo.v' using frontend ` -vlog2k' --

4. Executing Verilog-2005 frontend: fifo.v
Parsing Verilog input from `fifo.v' to AST representation.
Storing AST representation for module `$abstract\fifo'.
Successfully finished Verilog frontend.

-- Running command `synth_ice40 -top top -json top.json' --

5. Executing SYNTH_ICE40 pass.

5.1. Executing Verilog-2005 frontend: /Users/isaacahn/oss-cad-suite/libexec/../share/yosys/ice40/cells_sim.v
Parsing Verilog input from `/Users/isaacahn/oss-cad-suite/libexec/../share/yosys/ice40/cells_sim.v' to AST representation.
Generating RTLIL representation for module `\SB_IO'.
Generating RTLIL representation for module `\SB_GB_IO'.
Generating RTLIL representation for module `\SB_GB'.
Generating RTLIL representation for module `\SB_LUT4'.
Generating RTLIL representation for module `\SB_CARRY'.
Generating RTLIL representation for module `\SB_DFF'.
Generating RTLIL representation for module `\SB_DFFE'.
Generating RTLIL representation for module `\SB_DFFSR'.
Generating RTLIL representation for module `\SB_DFFR'.
Generating RTLIL representation for module `\SB_DFFSS'.
Generating RTLIL representation for module `\SB_DFFS'.
Generating RTLIL representation for module `\SB_DFFESR'.
Generating RTLIL representation for module `\SB_DFFER'.
Generating RTLIL representation for module `\SB_DFFESS'.
Generating RTLIL representation for module `\SB_DFFES'.
Generating RTLIL representation for module `\SB_DFFN'.
Generating RTLIL representation for module `\SB_DFFNE'.
Generating RTLIL representation for module `\SB_DFFNSR'.
Generating RTLIL representation for module `\SB_DFFNR'.
Generating RTLIL representation for module `\SB_DFFNSS'.
Generating RTLIL representation for module `\SB_DFFNS'.
Generating RTLIL representation for module `\SB_DFFNESR'.
Generating RTLIL representation for module `\SB_DFFNER'.
Generating RTLIL representation for module `\SB_DFFNESS'.
Generating RTLIL representation for module `\SB_DFFNES'.
Generating RTLIL representation for module `\SB_RAM40_4K'.
Generating RTLIL representation for module `\SB_RAM40_4KNR'.
Generating RTLIL representation for module `\SB_RAM40_4KNW'.
Generating RTLIL representation for module `\SB_RAM40_4KNRNW'.
Generating RTLIL representation for module `\ICESTORM_LC'.
Generating RTLIL representation for module `\SB_PLL40_CORE'.
Generating RTLIL representation for module `\SB_PLL40_PAD'.
Generating RTLIL representation for module `\SB_PLL40_2_PAD'.
Generating RTLIL representation for module `\SB_PLL40_2F_CORE'.
Generating RTLIL representation for module `\SB_PLL40_2F_PAD'.
Generating RTLIL representation for module `\SB_WARMBOOT'.
Generating RTLIL representation for module `\SB_SPRAM256KA'.
Generating RTLIL representation for module `\SB_HFOSC'.
Generating RTLIL representation for module `\SB_LFOSC'.
Generating RTLIL representation for module `\SB_RGBA_DRV'.
Generating RTLIL representation for module `\SB_LED_DRV_CUR'.
Generating RTLIL representation for module `\SB_RGB_DRV'.
Generating RTLIL representation for module `\SB_I2C'.
Generating RTLIL representation for module `\SB_SPI'.
Generating RTLIL representation for module `\SB_LEDDA_IP'.
Generating RTLIL representation for module `\SB_FILTER_50NS'.
Generating RTLIL representation for module `\SB_IO_I3C'.
Generating RTLIL representation for module `\SB_IO_OD'.
Generating RTLIL representation for module `\SB_MAC16'.
Generating RTLIL representation for module `\ICESTORM_RAM'.
Successfully finished Verilog frontend.

5.2. Executing HIERARCHY pass (managing design hierarchy).

5.3. Executing AST frontend in derive mode using pre-parsed AST for module `\top'.
Generating RTLIL representation for module `\top'.

5.3.1. Analyzing design hierarchy..
Top module:  \top
Parameter \ADDR_WIDTH = 4

5.3.2. Executing AST frontend in derive mode using pre-parsed AST for module `\fifo'.
Parameter \ADDR_WIDTH = 4
Generating RTLIL representation for module `$paramod\fifo\ADDR_WIDTH=s32'00000000000000000000000000000100'.

5.3.3. Executing AST frontend in derive mode using pre-parsed AST for module `\uart_tx'.
Generating RTLIL representation for module `\uart_tx'.

5.3.4. Executing AST frontend in derive mode using pre-parsed AST for module `\uart_rx'.
Generating RTLIL representation for module `\uart_rx'.

5.3.5. Analyzing design hierarchy..
Top module:  \top
Used module:     $paramod\fifo\ADDR_WIDTH=s32'00000000000000000000000000000100
Used module:     \uart_tx
Used module:     \uart_rx

5.3.6. Analyzing design hierarchy..
Top module:  \top
Used module:     $paramod\fifo\ADDR_WIDTH=s32'00000000000000000000000000000100
Used module:     \uart_tx
Used module:     \uart_rx
Removing unused module `$abstract\fifo'.
Removing unused module `$abstract\uart_rx'.
Removing unused module `$abstract\uart_tx'.
Removing unused module `$abstract\top'.
Removed 4 unused modules.

5.4. Executing PROC pass (convert processes to netlists).

5.4.1. Executing PROC_CLEAN pass (remove empty switches from decision trees).
Cleaned up 0 empty switches.

5.4.2. Executing PROC_RMDEAD pass (remove dead branches from decision trees).
Marked 6 switch rules as full_case in process $proc$uart_rx.v:21$430 in module uart_rx.
Marked 4 switch rules as full_case in process $proc$uart_tx.v:19$413 in module uart_tx.
Marked 2 switch rules as full_case in process $proc$fifo.v:30$395 in module $paramod\fifo\ADDR_WIDTH=s32'00000000000000000000000000000100.
Removed a total of 0 dead cases.

5.4.3. Executing PROC_PRUNE pass (remove redundant assignments in processes).
Removed 0 redundant assignments.
Promoted 17 assignments to connections.

5.4.4. Executing PROC_INIT pass (extract init attributes).
Found init rule in `\uart_rx.$proc$uart_rx.v:19$459'.
  Set init value: \ready = 1'0
Found init rule in `\uart_rx.$proc$uart_rx.v:18$458'.
  Set init value: \rx_bit_index = 5'00000
Found init rule in `\uart_rx.$proc$uart_rx.v:17$457'.
  Set init value: \rx_baud_counter = 8'00000000
Found init rule in `\uart_rx.$proc$uart_rx.v:16$456'.
  Set init value: \rx_state = 3'000
Found init rule in `\uart_tx.$proc$uart_tx.v:17$427'.
  Set init value: \bit_index = 5'00000
Found init rule in `\uart_tx.$proc$uart_tx.v:16$426'.
  Set init value: \baud_counter = 8'00000000
Found init rule in `\uart_tx.$proc$uart_tx.v:15$425'.
  Set init value: \current_state = 3'000
Found init rule in `$paramod\fifo\ADDR_WIDTH=s32'00000000000000000000000000000100.$proc$fifo.v:19$412'.
  Set init value: \read_ptr = 5'00000
Found init rule in `$paramod\fifo\ADDR_WIDTH=s32'00000000000000000000000000000100.$proc$fifo.v:18$411'.
  Set init value: \write_ptr = 5'00000

5.4.5. Executing PROC_ARST pass (detect async resets in processes).

5.4.6. Executing PROC_ROM pass (convert switches to ROMs).
Converted 0 switches.
<suppressed ~17 debug messages>

5.4.7. Executing PROC_MUX pass (convert decision trees to multiplexers).
Creating decoders for process `\uart_rx.$proc$uart_rx.v:19$459'.
Creating decoders for process `\uart_rx.$proc$uart_rx.v:18$458'.
Creating decoders for process `\uart_rx.$proc$uart_rx.v:17$457'.
Creating decoders for process `\uart_rx.$proc$uart_rx.v:16$456'.
Creating decoders for process `\uart_rx.$proc$uart_rx.v:21$430'.
     1/11: $4$lookahead\data$429[7:0]$445
     2/11: $3$bitselwrite$pos$uart_rx.v:51$428[4:0]$444
     3/11: $3$lookahead\data$429[7:0]$441
     4/11: $2$bitselwrite$pos$uart_rx.v:51$428[4:0]$440
     5/11: $2$lookahead\data$429[7:0]$436
     6/11: $1$lookahead\data$429[7:0]$434
     7/11: $1$bitselwrite$pos$uart_rx.v:51$428[4:0]$433
     8/11: $0\rx_bit_index[4:0]
     9/11: $0\rx_baud_counter[7:0]
    10/11: $0\rx_state[2:0]
    11/11: $0\ready[0:0]
Creating decoders for process `\uart_tx.$proc$uart_tx.v:17$427'.
Creating decoders for process `\uart_tx.$proc$uart_tx.v:16$426'.
Creating decoders for process `\uart_tx.$proc$uart_tx.v:15$425'.
Creating decoders for process `\uart_tx.$proc$uart_tx.v:19$413'.
     1/5: $0\bit_index[4:0]
     2/5: $0\baud_counter[7:0]
     3/5: $0\current_state[2:0]
     4/5: $0\busy[0:0]
     5/5: $0\tx[0:0]
Creating decoders for process `$paramod\fifo\ADDR_WIDTH=s32'00000000000000000000000000000100.$proc$fifo.v:19$412'.
Creating decoders for process `$paramod\fifo\ADDR_WIDTH=s32'00000000000000000000000000000100.$proc$fifo.v:18$411'.
Creating decoders for process `$paramod\fifo\ADDR_WIDTH=s32'00000000000000000000000000000100.$proc$fifo.v:30$395'.
     1/8: $2$memwr$\mem$fifo.v:39$386_EN[7:0]$406
     2/8: $2$memwr$\mem$fifo.v:39$386_DATA[7:0]$405
     3/8: $2$memwr$\mem$fifo.v:39$386_ADDR[3:0]$404
     4/8: $1$memwr$\mem$fifo.v:39$386_EN[7:0]$401
     5/8: $1$memwr$\mem$fifo.v:39$386_DATA[7:0]$400
     6/8: $1$memwr$\mem$fifo.v:39$386_ADDR[3:0]$399
     7/8: $0\read_ptr[4:0]
     8/8: $0\write_ptr[4:0]
Creating decoders for process `\top.$proc$top.v:59$382'.
     1/1: $0\read_en[0:0]

5.4.8. Executing PROC_DLATCH pass (convert process syncs to latches).

5.4.9. Executing PROC_DFF pass (convert process syncs to FFs).
Creating register for signal `\uart_rx.\data' using process `\uart_rx.$proc$uart_rx.v:21$430'.
  created $dff cell `$procdff$676' with positive edge clock.
Creating register for signal `\uart_rx.\ready' using process `\uart_rx.$proc$uart_rx.v:21$430'.
  created $dff cell `$procdff$677' with positive edge clock.
Creating register for signal `\uart_rx.\rx_sync_0' using process `\uart_rx.$proc$uart_rx.v:21$430'.
  created $dff cell `$procdff$678' with positive edge clock.
Creating register for signal `\uart_rx.\rx_sync_1' using process `\uart_rx.$proc$uart_rx.v:21$430'.
  created $dff cell `$procdff$679' with positive edge clock.
Creating register for signal `\uart_rx.\rx_state' using process `\uart_rx.$proc$uart_rx.v:21$430'.
  created $dff cell `$procdff$680' with positive edge clock.
Creating register for signal `\uart_rx.\rx_baud_counter' using process `\uart_rx.$proc$uart_rx.v:21$430'.
  created $dff cell `$procdff$681' with positive edge clock.
Creating register for signal `\uart_rx.\rx_bit_index' using process `\uart_rx.$proc$uart_rx.v:21$430'.
  created $dff cell `$procdff$682' with positive edge clock.
Creating register for signal `\uart_tx.\tx' using process `\uart_tx.$proc$uart_tx.v:19$413'.
  created $dff cell `$procdff$683' with positive edge clock.
Creating register for signal `\uart_tx.\busy' using process `\uart_tx.$proc$uart_tx.v:19$413'.
  created $dff cell `$procdff$684' with positive edge clock.
Creating register for signal `\uart_tx.\current_state' using process `\uart_tx.$proc$uart_tx.v:19$413'.
  created $dff cell `$procdff$685' with positive edge clock.
Creating register for signal `\uart_tx.\baud_counter' using process `\uart_tx.$proc$uart_tx.v:19$413'.
  created $dff cell `$procdff$686' with positive edge clock.
Creating register for signal `\uart_tx.\bit_index' using process `\uart_tx.$proc$uart_tx.v:19$413'.
  created $dff cell `$procdff$687' with positive edge clock.
Creating register for signal `$paramod\fifo\ADDR_WIDTH=s32'00000000000000000000000000000100.\write_ptr' using process `$paramod\fifo\ADDR_WIDTH=s32'00000000000000000000000000000100.$proc$fifo.v:30$395'.
  created $dff cell `$procdff$688' with positive edge clock.
Creating register for signal `$paramod\fifo\ADDR_WIDTH=s32'00000000000000000000000000000100.\read_ptr' using process `$paramod\fifo\ADDR_WIDTH=s32'00000000000000000000000000000100.$proc$fifo.v:30$395'.
  created $dff cell `$procdff$689' with positive edge clock.
Creating register for signal `$paramod\fifo\ADDR_WIDTH=s32'00000000000000000000000000000100.$memwr$\mem$fifo.v:39$386_ADDR' using process `$paramod\fifo\ADDR_WIDTH=s32'00000000000000000000000000000100.$proc$fifo.v:30$395'.
  created $dff cell `$procdff$690' with positive edge clock.
Creating register for signal `$paramod\fifo\ADDR_WIDTH=s32'00000000000000000000000000000100.$memwr$\mem$fifo.v:39$386_DATA' using process `$paramod\fifo\ADDR_WIDTH=s32'00000000000000000000000000000100.$proc$fifo.v:30$395'.
  created $dff cell `$procdff$691' with positive edge clock.
Creating register for signal `$paramod\fifo\ADDR_WIDTH=s32'00000000000000000000000000000100.$memwr$\mem$fifo.v:39$386_EN' using process `$paramod\fifo\ADDR_WIDTH=s32'00000000000000000000000000000100.$proc$fifo.v:30$395'.
  created $dff cell `$procdff$692' with positive edge clock.
Creating register for signal `\top.\read_en' using process `\top.$proc$top.v:59$382'.
  created $dff cell `$procdff$693' with positive edge clock.

5.4.10. Executing PROC_MEMWR pass (convert process memory writes to cells).

5.4.11. Executing PROC_CLEAN pass (remove empty switches from decision trees).
Removing empty process `uart_rx.$proc$uart_rx.v:19$459'.
Removing empty process `uart_rx.$proc$uart_rx.v:18$458'.
Removing empty process `uart_rx.$proc$uart_rx.v:17$457'.
Removing empty process `uart_rx.$proc$uart_rx.v:16$456'.
Found and cleaned up 6 empty switches in `\uart_rx.$proc$uart_rx.v:21$430'.
Removing empty process `uart_rx.$proc$uart_rx.v:21$430'.
Removing empty process `uart_tx.$proc$uart_tx.v:17$427'.
Removing empty process `uart_tx.$proc$uart_tx.v:16$426'.
Removing empty process `uart_tx.$proc$uart_tx.v:15$425'.
Found and cleaned up 7 empty switches in `\uart_tx.$proc$uart_tx.v:19$413'.
Removing empty process `uart_tx.$proc$uart_tx.v:19$413'.
Removing empty process `$paramod\fifo\ADDR_WIDTH=s32'00000000000000000000000000000100.$proc$fifo.v:19$412'.
Removing empty process `$paramod\fifo\ADDR_WIDTH=s32'00000000000000000000000000000100.$proc$fifo.v:18$411'.
Found and cleaned up 3 empty switches in `$paramod\fifo\ADDR_WIDTH=s32'00000000000000000000000000000100.$proc$fifo.v:30$395'.
Removing empty process `$paramod\fifo\ADDR_WIDTH=s32'00000000000000000000000000000100.$proc$fifo.v:30$395'.
Found and cleaned up 1 empty switch in `\top.$proc$top.v:59$382'.
Removing empty process `top.$proc$top.v:59$382'.
Cleaned up 17 empty switches.

5.4.12. Executing OPT_EXPR pass (perform const folding).
Optimizing module uart_rx.
<suppressed ~9 debug messages>
Optimizing module uart_tx.
<suppressed ~8 debug messages>
Optimizing module $paramod\fifo\ADDR_WIDTH=s32'00000000000000000000000000000100.
Optimizing module top.

5.5. Executing FLATTEN pass (flatten design).
Deleting now unused module uart_rx.
Deleting now unused module uart_tx.
Deleting now unused module $paramod\fifo\ADDR_WIDTH=s32'00000000000000000000000000000100.
<suppressed ~3 debug messages>

5.6. Executing TRIBUF pass.

5.7. Executing DEMINOUT pass (demote inout ports to input or output).

5.8. Executing OPT_EXPR pass (perform const folding).
Optimizing module top.
<suppressed ~8 debug messages>

5.9. Executing OPT_CLEAN pass (remove unused cells and wires).
Finding unused cells or wires in module \top..
Removed 14 unused cells and 119 unused wires.
<suppressed ~15 debug messages>

5.10. Executing CHECK pass (checking for obvious problems).
Checking module top...
Found and reported 0 problems.

5.11. Executing OPT pass (performing simple optimizations).

5.11.1. Executing OPT_EXPR pass (perform const folding).
Optimizing module top.

5.11.2. Executing OPT_MERGE pass (detect identical cells).
Finding identical cells in module `\top'.
Computing hashes of 143 cells of `\top'.
Finding duplicate cells in `\top'.
Computing hashes of 109 cells of `\top'.
Finding duplicate cells in `\top'.
<suppressed ~102 debug messages>
Removed a total of 34 cells.

5.11.3. Executing OPT_MUXTREE pass (detect dead branches in mux trees).
Running muxtree optimizer on module \top..
  Creating internal representation of mux trees.
  Evaluating internal representation of mux trees.
  Analyzing evaluation results.
    dead port 1/2 on $mux $flatten\receiver.$procmux$466.
    dead port 2/2 on $mux $flatten\receiver.$procmux$468.
    dead port 2/2 on $mux $flatten\receiver.$procmux$485.
    dead port 2/2 on $mux $flatten\receiver.$procmux$501.
Removed 4 multiplexer ports.
<suppressed ~64 debug messages>

5.11.4. Executing OPT_REDUCE pass (consolidate $*mux and $reduce_* inputs).
  Optimizing cells in module \top.
    New ctrl vector for $pmux cell $flatten\transmitter.$procmux$624: { $flatten\transmitter.$procmux$595_CMP $flatten\transmitter.$procmux$577_CMP $auto$opt_reduce.cc:137:opt_pmux$699 }
    Consolidated identical input bits for $mux cell $flatten\buffer.$procmux$637:
      Old ports: A=8'00000000, B=8'11111111, Y=$flatten\buffer.$0$memwr$\mem$fifo.v:39$386_EN[7:0]$398
      New ports: A=1'0, B=1'1, Y=$flatten\buffer.$0$memwr$\mem$fifo.v:39$386_EN[7:0]$398 [0]
      New connections: $flatten\buffer.$0$memwr$\mem$fifo.v:39$386_EN[7:0]$398 [7:1] = { $flatten\buffer.$0$memwr$\mem$fifo.v:39$386_EN[7:0]$398 [0] $flatten\buffer.$0$memwr$\mem$fifo.v:39$386_EN[7:0]$398 [0] $flatten\buffer.$0$memwr$\mem$fifo.v:39$386_EN[7:0]$398 [0] $flatten\buffer.$0$memwr$\mem$fifo.v:39$386_EN[7:0]$398 [0] $flatten\buffer.$0$memwr$\mem$fifo.v:39$386_EN[7:0]$398 [0] $flatten\buffer.$0$memwr$\mem$fifo.v:39$386_EN[7:0]$398 [0] $flatten\buffer.$0$memwr$\mem$fifo.v:39$386_EN[7:0]$398 [0] }
  Optimizing cells in module \top.
Performed a total of 2 changes.

5.11.5. Executing OPT_MERGE pass (detect identical cells).
Finding identical cells in module `\top'.
Computing hashes of 106 cells of `\top'.
Finding duplicate cells in `\top'.
Computing hashes of 104 cells of `\top'.
Finding duplicate cells in `\top'.
<suppressed ~6 debug messages>
Removed a total of 2 cells.

5.11.6. Executing OPT_DFF pass (perform DFF optimizations).

5.11.7. Executing OPT_CLEAN pass (remove unused cells and wires).
Finding unused cells or wires in module \top..
Removed 0 unused cells and 40 unused wires.
<suppressed ~1 debug messages>

5.11.8. Executing OPT_EXPR pass (perform const folding).
Optimizing module top.

5.11.9. Rerunning OPT passes. (Maybe there is more to do..)

5.11.10. Executing OPT_MUXTREE pass (detect dead branches in mux trees).
Running muxtree optimizer on module \top..
  Creating internal representation of mux trees.
  Evaluating internal representation of mux trees.
  Analyzing evaluation results.
Removed 0 multiplexer ports.
<suppressed ~62 debug messages>

5.11.11. Executing OPT_REDUCE pass (consolidate $*mux and $reduce_* inputs).
  Optimizing cells in module \top.
    New ctrl vector for $pmux cell $flatten\transmitter.$procmux$583: { $flatten\transmitter.$procmux$578_CMP $flatten\transmitter.$procmux$577_CMP $auto$opt_reduce.cc:137:opt_pmux$701 }
  Optimizing cells in module \top.
Performed a total of 1 changes.

5.11.12. Executing OPT_MERGE pass (detect identical cells).
Finding identical cells in module `\top'.
Computing hashes of 105 cells of `\top'.
Finding duplicate cells in `\top'.
Removed a total of 0 cells.

5.11.13. Executing OPT_DFF pass (perform DFF optimizations).

5.11.14. Executing OPT_CLEAN pass (remove unused cells and wires).
Finding unused cells or wires in module \top..

5.11.15. Executing OPT_EXPR pass (perform const folding).
Optimizing module top.

5.11.16. Rerunning OPT passes. (Maybe there is more to do..)

5.11.17. Executing OPT_MUXTREE pass (detect dead branches in mux trees).
Running muxtree optimizer on module \top..
  Creating internal representation of mux trees.
  Evaluating internal representation of mux trees.
  Analyzing evaluation results.
Removed 0 multiplexer ports.
<suppressed ~61 debug messages>

5.11.18. Executing OPT_REDUCE pass (consolidate $*mux and $reduce_* inputs).
  Optimizing cells in module \top.
Performed a total of 0 changes.

5.11.19. Executing OPT_MERGE pass (detect identical cells).
Finding identical cells in module `\top'.
Computing hashes of 105 cells of `\top'.
Finding duplicate cells in `\top'.
Removed a total of 0 cells.

5.11.20. Executing OPT_DFF pass (perform DFF optimizations).

5.11.21. Executing OPT_CLEAN pass (remove unused cells and wires).
Finding unused cells or wires in module \top..

5.11.22. Executing OPT_EXPR pass (perform const folding).
Optimizing module top.

5.11.23. Finished fast OPT passes. (There is nothing left to do.)

5.12. Executing FSM pass (extract and optimize FSM).

5.12.1. Executing FSM_DETECT pass (finding FSMs in design).
Not marking top.receiver.rx_state as FSM state register:
    Register has an initialization value.
Not marking top.transmitter.current_state as FSM state register:
    Register has an initialization value.

5.12.2. Executing FSM_EXTRACT pass (extracting FSM from design).

5.12.3. Executing FSM_OPT pass (simple optimizations of FSMs).

5.12.4. Executing OPT_CLEAN pass (remove unused cells and wires).
Finding unused cells or wires in module \top..

5.12.5. Executing FSM_OPT pass (simple optimizations of FSMs).

5.12.6. Executing FSM_RECODE pass (re-assigning FSM state encoding).

5.12.7. Executing FSM_INFO pass (dumping all available information on FSM cells).

5.12.8. Executing FSM_MAP pass (mapping FSMs to basic logic).

5.13. Executing OPT pass (performing simple optimizations).

5.13.1. Executing OPT_EXPR pass (perform const folding).
Optimizing module top.

5.13.2. Executing OPT_MERGE pass (detect identical cells).
Finding identical cells in module `\top'.
Computing hashes of 105 cells of `\top'.
Finding duplicate cells in `\top'.
Removed a total of 0 cells.

5.13.3. Executing OPT_MUXTREE pass (detect dead branches in mux trees).
Running muxtree optimizer on module \top..
  Creating internal representation of mux trees.
  Evaluating internal representation of mux trees.
  Analyzing evaluation results.
Removed 0 multiplexer ports.
<suppressed ~61 debug messages>

5.13.4. Executing OPT_REDUCE pass (consolidate $*mux and $reduce_* inputs).
  Optimizing cells in module \top.
Performed a total of 0 changes.

5.13.5. Executing OPT_MERGE pass (detect identical cells).
Finding identical cells in module `\top'.
Computing hashes of 105 cells of `\top'.
Finding duplicate cells in `\top'.
Removed a total of 0 cells.

5.13.6. Executing OPT_DFF pass (perform DFF optimizations).
Adding EN signal on $flatten\transmitter.$procdff$687 ($dff) from module top (D = $flatten\transmitter.$0\bit_index[4:0], Q = \transmitter.bit_index).
Adding EN signal on $flatten\receiver.$procdff$682 ($dff) from module top (D = $flatten\receiver.$0\rx_bit_index[4:0], Q = \receiver.rx_bit_index).
Adding EN signal on $flatten\receiver.$procdff$681 ($dff) from module top (D = $flatten\receiver.$0\rx_baud_counter[7:0], Q = \receiver.rx_baud_counter).
Adding EN signal on $flatten\receiver.$procdff$680 ($dff) from module top (D = $flatten\receiver.$0\rx_state[2:0], Q = \receiver.rx_state).
Adding EN signal on $flatten\receiver.$procdff$677 ($dff) from module top (D = $flatten\receiver.$0\ready[0:0], Q = \receiver.ready).
Adding EN signal on $flatten\receiver.$procdff$676 ($dff) from module top (D = $flatten\receiver.$0$lookahead\data$429[7:0]$432, Q = \receiver.data).
Adding EN signal on $flatten\buffer.$procdff$688 ($dff) from module top (D = $flatten\buffer.$add$fifo.v:40$407_Y [4:0], Q = \buffer.write_ptr).
Adding EN signal on $flatten\transmitter.$procdff$686 ($dff) from module top (D = $flatten\transmitter.$0\baud_counter[7:0], Q = \transmitter.baud_counter).
Adding EN signal on $flatten\transmitter.$procdff$685 ($dff) from module top (D = $flatten\transmitter.$0\current_state[2:0], Q = \transmitter.current_state).
Adding EN signal on $flatten\transmitter.$procdff$684 ($dff) from module top (D = $flatten\transmitter.$procmux$620_Y, Q = \transmitter.busy).
Adding EN signal on $flatten\transmitter.$procdff$683 ($dff) from module top (D = $flatten\transmitter.$0\tx[0:0], Q = \transmitter.tx).
Adding EN signal on $flatten\buffer.$procdff$689 ($dff) from module top (D = $flatten\buffer.$add$fifo.v:45$410_Y [4:0], Q = \buffer.read_ptr).

5.13.7. Executing OPT_CLEAN pass (remove unused cells and wires).
Finding unused cells or wires in module \top..
Removed 3 unused cells and 3 unused wires.
<suppressed ~4 debug messages>

5.13.8. Executing OPT_EXPR pass (perform const folding).
Optimizing module top.
<suppressed ~9 debug messages>

5.13.9. Rerunning OPT passes. (Maybe there is more to do..)

5.13.10. Executing OPT_MUXTREE pass (detect dead branches in mux trees).
Running muxtree optimizer on module \top..
  Creating internal representation of mux trees.
  Evaluating internal representation of mux trees.
  Analyzing evaluation results.
Removed 0 multiplexer ports.
<suppressed ~56 debug messages>

5.13.11. Executing OPT_REDUCE pass (consolidate $*mux and $reduce_* inputs).
  Optimizing cells in module \top.
Performed a total of 0 changes.

5.13.12. Executing OPT_MERGE pass (detect identical cells).
Finding identical cells in module `\top'.
Computing hashes of 138 cells of `\top'.
Finding duplicate cells in `\top'.
Computing hashes of 132 cells of `\top'.
Finding duplicate cells in `\top'.
<suppressed ~18 debug messages>
Removed a total of 6 cells.

5.13.13. Executing OPT_DFF pass (perform DFF optimizations).

5.13.14. Executing OPT_CLEAN pass (remove unused cells and wires).
Finding unused cells or wires in module \top..
Removed 0 unused cells and 6 unused wires.
<suppressed ~1 debug messages>

5.13.15. Executing OPT_EXPR pass (perform const folding).
Optimizing module top.

5.13.16. Rerunning OPT passes. (Maybe there is more to do..)

5.13.17. Executing OPT_MUXTREE pass (detect dead branches in mux trees).
Running muxtree optimizer on module \top..
  Creating internal representation of mux trees.
  Evaluating internal representation of mux trees.
  Analyzing evaluation results.
Removed 0 multiplexer ports.
<suppressed ~56 debug messages>

5.13.18. Executing OPT_REDUCE pass (consolidate $*mux and $reduce_* inputs).
  Optimizing cells in module \top.
Performed a total of 0 changes.

5.13.19. Executing OPT_MERGE pass (detect identical cells).
Finding identical cells in module `\top'.
Computing hashes of 132 cells of `\top'.
Finding duplicate cells in `\top'.
Removed a total of 0 cells.

5.13.20. Executing OPT_DFF pass (perform DFF optimizations).

5.13.21. Executing OPT_CLEAN pass (remove unused cells and wires).
Finding unused cells or wires in module \top..

5.13.22. Executing OPT_EXPR pass (perform const folding).
Optimizing module top.

5.13.23. Finished fast OPT passes. (There is nothing left to do.)

5.14. Executing WREDUCE pass (reducing word size of cells).
Removed top 28 address bits (of 32) from memory read port top.$flatten\buffer.$memrd$\mem$fifo.v:26$393 (buffer.mem).
Removed top 1 bits (of 2) from port B of cell top.$auto$opt_dff.cc:235:make_patterns_logic$782 ($ne).
Removed top 1 bits (of 2) from port B of cell top.$auto$opt_dff.cc:235:make_patterns_logic$780 ($ne).
Removed top 1 bits (of 2) from port B of cell top.$auto$opt_dff.cc:235:make_patterns_logic$751 ($ne).
Removed top 1 bits (of 2) from port B of cell top.$auto$opt_dff.cc:235:make_patterns_logic$720 ($ne).
Removed top 2 bits (of 3) from port B of cell top.$flatten\receiver.$procmux$538_CMP0 ($eq).
Removed top 1 bits (of 3) from port B of cell top.$flatten\receiver.$procmux$528_CMP0 ($eq).
Removed top 1 bits (of 3) from port B of cell top.$flatten\receiver.$procmux$469_CMP0 ($eq).
Removed top 31 bits (of 32) from port B of cell top.$flatten\receiver.$add$uart_rx.v:52$453 ($add).
Removed top 27 bits (of 32) from port Y of cell top.$flatten\receiver.$add$uart_rx.v:52$453 ($add).
Converting cell top.$flatten\receiver.$neg$uart_rx.v:51$446 ($neg) from signed to unsigned.
Removed top 1 bits (of 6) from port A of cell top.$flatten\receiver.$neg$uart_rx.v:51$446 ($neg).
Removed top 28 bits (of 32) from port B of cell top.$flatten\receiver.$lt$uart_rx.v:50$443 ($lt).
Removed top 25 bits (of 32) from port B of cell top.$flatten\receiver.$lt$uart_rx.v:46$439 ($lt).
Removed top 31 bits (of 32) from port B of cell top.$flatten\receiver.$add$uart_rx.v:38$438 ($add).
Removed top 24 bits (of 32) from port Y of cell top.$flatten\receiver.$add$uart_rx.v:38$438 ($add).
Removed top 26 bits (of 32) from port B of cell top.$flatten\receiver.$lt$uart_rx.v:37$437 ($lt).
Removed top 2 bits (of 3) from port B of cell top.$flatten\transmitter.$procmux$595_CMP0 ($eq).
Removed top 1 bits (of 3) from port B of cell top.$flatten\transmitter.$procmux$584_CMP0 ($eq).
Removed top 1 bits (of 3) from port B of cell top.$flatten\transmitter.$procmux$577_CMP0 ($eq).
Removed top 31 bits (of 32) from port B of cell top.$flatten\transmitter.$add$uart_tx.v:48$421 ($add).
Removed top 27 bits (of 32) from port Y of cell top.$flatten\transmitter.$add$uart_tx.v:48$421 ($add).
Removed top 28 bits (of 32) from port B of cell top.$flatten\transmitter.$lt$uart_tx.v:43$417 ($lt).
Removed top 31 bits (of 32) from port B of cell top.$flatten\transmitter.$add$uart_tx.v:35$416 ($add).
Removed top 24 bits (of 32) from port Y of cell top.$flatten\transmitter.$add$uart_tx.v:35$416 ($add).
Removed top 25 bits (of 32) from port B of cell top.$flatten\transmitter.$lt$uart_tx.v:34$415 ($lt).
Removed top 31 bits (of 32) from port B of cell top.$flatten\buffer.$add$fifo.v:45$410 ($add).
Removed top 27 bits (of 32) from port Y of cell top.$flatten\buffer.$add$fifo.v:45$410 ($add).
Removed top 31 bits (of 32) from port B of cell top.$flatten\buffer.$add$fifo.v:40$407 ($add).
Removed top 27 bits (of 32) from port Y of cell top.$flatten\buffer.$add$fifo.v:40$407 ($add).
Removed top 31 bits (of 32) from port B of cell top.$flatten\buffer.$sub$fifo.v:26$394 ($sub).
Removed top 28 bits (of 32) from port Y of cell top.$flatten\buffer.$sub$fifo.v:26$394 ($sub).
Removed top 28 bits (of 32) from port B of cell top.$flatten\buffer.$ge$fifo.v:24$392 ($ge).
Removed top 24 bits (of 32) from wire top.$flatten\receiver.$add$uart_rx.v:38$438_Y.
Removed top 27 bits (of 32) from wire top.$flatten\receiver.$add$uart_rx.v:52$453_Y.
Removed top 27 bits (of 32) from wire top.$flatten\buffer.$add$fifo.v:45$410_Y.
Removed top 27 bits (of 32) from wire top.$flatten\buffer.$add$fifo.v:40$407_Y.
Removed top 27 bits (of 32) from wire top.$flatten\transmitter.$add$uart_tx.v:48$421_Y.
Removed top 28 bits (of 32) from wire top.$flatten\buffer.$sub$fifo.v:26$394_Y.
Removed top 24 bits (of 32) from wire top.$flatten\transmitter.$add$uart_tx.v:35$416_Y.

5.15. Executing PEEPOPT pass (run peephole optimizers).

5.16. Executing OPT_CLEAN pass (remove unused cells and wires).
Finding unused cells or wires in module \top..
Removed 0 unused cells and 7 unused wires.
<suppressed ~1 debug messages>

5.17. Executing SHARE pass (SAT-based resource sharing).

5.18. Executing TECHMAP pass (map to technology primitives).

5.18.1. Executing Verilog-2005 frontend: /Users/isaacahn/oss-cad-suite/libexec/../share/yosys/cmp2lut.v
Parsing Verilog input from `/Users/isaacahn/oss-cad-suite/libexec/../share/yosys/cmp2lut.v' to AST representation.
Generating RTLIL representation for module `\_90_lut_cmp_'.
Successfully finished Verilog frontend.

5.18.2. Continuing TECHMAP pass.
No more expansions possible.
<suppressed ~114 debug messages>

5.19. Executing OPT_EXPR pass (perform const folding).
Optimizing module top.

5.20. Executing OPT_CLEAN pass (remove unused cells and wires).
Finding unused cells or wires in module \top..

5.21. Executing ALUMACC pass (create $alu and $macc cells).
Extracting $alu and $macc cells in module top:
  creating $macc model for $flatten\buffer.$sub$fifo.v:26$394 ($sub).
  creating $macc model for $flatten\transmitter.$add$uart_tx.v:35$416 ($add).
  creating $macc model for $flatten\receiver.$add$uart_rx.v:38$438 ($add).
  creating $macc model for $flatten\receiver.$neg$uart_rx.v:51$446 ($neg).
  creating $macc model for $flatten\receiver.$add$uart_rx.v:52$453 ($add).
  creating $macc model for $flatten\transmitter.$add$uart_tx.v:48$421 ($add).
  creating $macc model for $flatten\buffer.$add$fifo.v:45$410 ($add).
  creating $macc model for $flatten\buffer.$add$fifo.v:40$407 ($add).
  creating $macc model for $flatten\buffer.$sub$fifo.v:23$391 ($sub).
  creating $alu model for $macc $flatten\buffer.$sub$fifo.v:23$391.
  creating $alu model for $macc $flatten\buffer.$add$fifo.v:40$407.
  creating $alu model for $macc $flatten\buffer.$add$fifo.v:45$410.
  creating $alu model for $macc $flatten\transmitter.$add$uart_tx.v:48$421.
  creating $alu model for $macc $flatten\receiver.$add$uart_rx.v:52$453.
  creating $alu model for $macc $flatten\receiver.$neg$uart_rx.v:51$446.
  creating $alu model for $macc $flatten\receiver.$add$uart_rx.v:38$438.
  creating $alu model for $macc $flatten\transmitter.$add$uart_tx.v:35$416.
  creating $alu model for $macc $flatten\buffer.$sub$fifo.v:26$394.
  creating $alu model for $flatten\buffer.$ge$fifo.v:24$392 ($ge): new $alu
  creating $alu model for $flatten\transmitter.$lt$uart_tx.v:34$415 ($lt): new $alu
  creating $alu model for $flatten\transmitter.$lt$uart_tx.v:43$417 ($lt): new $alu
  creating $alu model for $flatten\receiver.$lt$uart_rx.v:37$437 ($lt): new $alu
  creating $alu model for $flatten\receiver.$lt$uart_rx.v:46$439 ($lt): new $alu
  creating $alu model for $flatten\receiver.$lt$uart_rx.v:50$443 ($lt): new $alu
  creating $alu model for $flatten\buffer.$eq$fifo.v:21$387 ($eq): merged with $flatten\buffer.$sub$fifo.v:23$391.
  creating $alu cell for $flatten\receiver.$lt$uart_rx.v:50$443: $auto$alumacc.cc:512:replace_alu$800
  creating $alu cell for $flatten\receiver.$lt$uart_rx.v:46$439: $auto$alumacc.cc:512:replace_alu$805
  creating $alu cell for $flatten\receiver.$lt$uart_rx.v:37$437: $auto$alumacc.cc:512:replace_alu$810
  creating $alu cell for $flatten\transmitter.$lt$uart_tx.v:43$417: $auto$alumacc.cc:512:replace_alu$815
  creating $alu cell for $flatten\transmitter.$lt$uart_tx.v:34$415: $auto$alumacc.cc:512:replace_alu$820
  creating $alu cell for $flatten\buffer.$ge$fifo.v:24$392: $auto$alumacc.cc:512:replace_alu$825
  creating $alu cell for $flatten\buffer.$sub$fifo.v:26$394: $auto$alumacc.cc:512:replace_alu$838
  creating $alu cell for $flatten\transmitter.$add$uart_tx.v:35$416: $auto$alumacc.cc:512:replace_alu$841
  creating $alu cell for $flatten\receiver.$add$uart_rx.v:38$438: $auto$alumacc.cc:512:replace_alu$844
  creating $alu cell for $flatten\receiver.$neg$uart_rx.v:51$446: $auto$alumacc.cc:512:replace_alu$847
  creating $alu cell for $flatten\receiver.$add$uart_rx.v:52$453: $auto$alumacc.cc:512:replace_alu$850
  creating $alu cell for $flatten\transmitter.$add$uart_tx.v:48$421: $auto$alumacc.cc:512:replace_alu$853
  creating $alu cell for $flatten\buffer.$add$fifo.v:45$410: $auto$alumacc.cc:512:replace_alu$856
  creating $alu cell for $flatten\buffer.$add$fifo.v:40$407: $auto$alumacc.cc:512:replace_alu$859
  creating $alu cell for $flatten\buffer.$sub$fifo.v:23$391, $flatten\buffer.$eq$fifo.v:21$387: $auto$alumacc.cc:512:replace_alu$862
  created 15 $alu and 0 $macc cells.

5.22. Executing OPT pass (performing simple optimizations).

5.22.1. Executing OPT_EXPR pass (perform const folding).
Optimizing module top.
<suppressed ~21 debug messages>

5.22.2. Executing OPT_MERGE pass (detect identical cells).
Finding identical cells in module `\top'.
Computing hashes of 142 cells of `\top'.
Finding duplicate cells in `\top'.
Removed a total of 0 cells.

5.22.3. Executing OPT_MUXTREE pass (detect dead branches in mux trees).
Running muxtree optimizer on module \top..
  Creating internal representation of mux trees.
  Evaluating internal representation of mux trees.
  Analyzing evaluation results.
Removed 0 multiplexer ports.
<suppressed ~56 debug messages>

5.22.4. Executing OPT_REDUCE pass (consolidate $*mux and $reduce_* inputs).
  Optimizing cells in module \top.
Performed a total of 0 changes.

5.22.5. Executing OPT_MERGE pass (detect identical cells).
Finding identical cells in module `\top'.
Computing hashes of 142 cells of `\top'.
Finding duplicate cells in `\top'.
Removed a total of 0 cells.

5.22.6. Executing OPT_DFF pass (perform DFF optimizations).

5.22.7. Executing OPT_CLEAN pass (remove unused cells and wires).
Finding unused cells or wires in module \top..
Removed 0 unused cells and 7 unused wires.
<suppressed ~1 debug messages>

5.22.8. Executing OPT_EXPR pass (perform const folding).
Optimizing module top.

5.22.9. Rerunning OPT passes. (Maybe there is more to do..)

5.22.10. Executing OPT_MUXTREE pass (detect dead branches in mux trees).
Running muxtree optimizer on module \top..
  Creating internal representation of mux trees.
  Evaluating internal representation of mux trees.
  Analyzing evaluation results.
Removed 0 multiplexer ports.
<suppressed ~56 debug messages>

5.22.11. Executing OPT_REDUCE pass (consolidate $*mux and $reduce_* inputs).
  Optimizing cells in module \top.
Performed a total of 0 changes.

5.22.12. Executing OPT_MERGE pass (detect identical cells).
Finding identical cells in module `\top'.
Computing hashes of 142 cells of `\top'.
Finding duplicate cells in `\top'.
Removed a total of 0 cells.

5.22.13. Executing OPT_DFF pass (perform DFF optimizations).

5.22.14. Executing OPT_CLEAN pass (remove unused cells and wires).
Finding unused cells or wires in module \top..

5.22.15. Executing OPT_EXPR pass (perform const folding).
Optimizing module top.

5.22.16. Finished fast OPT passes. (There is nothing left to do.)

5.23. Executing MEMORY pass.

5.23.1. Executing OPT_MEM pass (optimize memories).
Performed a total of 0 transformations.

5.23.2. Executing OPT_MEM_PRIORITY pass (removing unnecessary memory write priority relations).
Performed a total of 0 transformations.

5.23.3. Executing OPT_MEM_FEEDBACK pass (finding memory read-to-write feedback paths).
  Analyzing top.buffer.mem write port 0.

5.23.4. Executing MEMORY_BMUX2ROM pass (converting muxes to ROMs).

5.23.5. Executing MEMORY_DFF pass (merging $dff cells to $memrd).
Checking read port `\buffer.mem'[0] in module `\top': no output FF found.
Checking read port address `\buffer.mem'[0] in module `\top': no address FF found.

5.23.6. Executing OPT_CLEAN pass (remove unused cells and wires).
Finding unused cells or wires in module \top..

5.23.7. Executing MEMORY_SHARE pass (consolidating $memrd/$memwr cells).

5.23.8. Executing OPT_MEM_WIDEN pass (optimize memories where all ports are wide).
Performed a total of 0 transformations.

5.23.9. Executing OPT_CLEAN pass (remove unused cells and wires).
Finding unused cells or wires in module \top..

5.23.10. Executing MEMORY_COLLECT pass (generating $mem cells).

5.24. Executing OPT_CLEAN pass (remove unused cells and wires).
Finding unused cells or wires in module \top..

5.25. Executing MEMORY_LIBMAP pass (mapping memories to cells).
using FF mapping for memory top.buffer.mem
<suppressed ~18 debug messages>

5.26. Executing TECHMAP pass (map to technology primitives).

5.26.1. Executing Verilog-2005 frontend: /Users/isaacahn/oss-cad-suite/libexec/../share/yosys/ice40/brams_map.v
Parsing Verilog input from `/Users/isaacahn/oss-cad-suite/libexec/../share/yosys/ice40/brams_map.v' to AST representation.
Generating RTLIL representation for module `$__ICE40_RAM4K_'.
Successfully finished Verilog frontend.

5.26.2. Executing Verilog-2005 frontend: /Users/isaacahn/oss-cad-suite/libexec/../share/yosys/ice40/spram_map.v
Parsing Verilog input from `/Users/isaacahn/oss-cad-suite/libexec/../share/yosys/ice40/spram_map.v' to AST representation.
Generating RTLIL representation for module `$__ICE40_SPRAM_'.
Successfully finished Verilog frontend.

5.26.3. Continuing TECHMAP pass.
No more expansions possible.
<suppressed ~4 debug messages>

5.27. Executing ICE40_BRAMINIT pass.

5.28. Executing OPT pass (performing simple optimizations).

5.28.1. Executing OPT_EXPR pass (perform const folding).
Optimizing module top.
<suppressed ~39 debug messages>

5.28.2. Executing OPT_MERGE pass (detect identical cells).
Finding identical cells in module `\top'.
Computing hashes of 132 cells of `\top'.
Finding duplicate cells in `\top'.
Computing hashes of 130 cells of `\top'.
Finding duplicate cells in `\top'.
<suppressed ~6 debug messages>
Removed a total of 2 cells.

5.28.3. Executing OPT_DFF pass (perform DFF optimizations).
Adding SRST signal on $auto$ff.cc:337:slice$702 ($dffe) from module top (D = $flatten\transmitter.$procmux$572_Y, Q = \transmitter.bit_index, rval = 5'00000).
Adding SRST signal on $auto$ff.cc:337:slice$709 ($dffe) from module top (D = $flatten\receiver.$procmux$518_Y, Q = \receiver.rx_bit_index, rval = 5'00000).
Adding SRST signal on $auto$ff.cc:337:slice$745 ($dffe) from module top (D = $flatten\receiver.$3$lookahead\data$429[7:0]$441, Q = \receiver.data, rval = 8'00000000).

5.28.4. Executing OPT_CLEAN pass (remove unused cells and wires).
Finding unused cells or wires in module \top..
Removed 16 unused cells and 43 unused wires.
<suppressed ~17 debug messages>

5.28.5. Rerunning OPT passes. (Removed registers in this run.)

5.28.6. Executing OPT_EXPR pass (perform const folding).
Optimizing module top.
<suppressed ~1 debug messages>

5.28.7. Executing OPT_MERGE pass (detect identical cells).
Finding identical cells in module `\top'.
Computing hashes of 115 cells of `\top'.
Finding duplicate cells in `\top'.
Removed a total of 0 cells.

5.28.8. Executing OPT_DFF pass (perform DFF optimizations).
Adding SRST signal on $auto$ff.cc:337:slice$924 ($sdffce) from module top (D = $auto$wreduce.cc:514:run$787 [4:0], Q = \receiver.rx_bit_index, rval = 5'00000).

5.28.9. Executing OPT_CLEAN pass (remove unused cells and wires).
Finding unused cells or wires in module \top..
Removed 1 unused cells and 2 unused wires.
<suppressed ~2 debug messages>

5.28.10. Rerunning OPT passes. (Removed registers in this run.)

5.28.11. Executing OPT_EXPR pass (perform const folding).
Optimizing module top.

5.28.12. Executing OPT_MERGE pass (detect identical cells).
Finding identical cells in module `\top'.
Computing hashes of 116 cells of `\top'.
Finding duplicate cells in `\top'.
Removed a total of 0 cells.

5.28.13. Executing OPT_DFF pass (perform DFF optimizations).

5.28.14. Executing OPT_CLEAN pass (remove unused cells and wires).
Finding unused cells or wires in module \top..

5.28.15. Finished fast OPT passes.

5.29. Executing MEMORY_MAP pass (converting memories to logic and flip-flops).
Mapping memory \buffer.mem in module \top:
  created 16 $dff cells and 0 static cells of width 8.
  read interface: 0 $dff and 15 $mux cells.
  write interface: 16 write mux blocks.

5.30. Executing OPT pass (performing simple optimizations).

5.30.1. Executing OPT_EXPR pass (perform const folding).
Optimizing module top.
<suppressed ~8 debug messages>

5.30.2. Executing OPT_MERGE pass (detect identical cells).
Finding identical cells in module `\top'.
Computing hashes of 206 cells of `\top'.
Finding duplicate cells in `\top'.
Removed a total of 0 cells.

5.30.3. Executing OPT_MUXTREE pass (detect dead branches in mux trees).
Running muxtree optimizer on module \top..
  Creating internal representation of mux trees.
  Evaluating internal representation of mux trees.
  Analyzing evaluation results.
Removed 0 multiplexer ports.
<suppressed ~65 debug messages>

5.30.4. Executing OPT_REDUCE pass (consolidate $*mux and $reduce_* inputs).
  Optimizing cells in module \top.
    Consolidated identical input bits for $pmux cell $flatten\receiver.$procmux$544:
      Old ports: A=3'001, B=9'010011000, Y=$flatten\receiver.$0\rx_state[2:0]
      New ports: A=2'01, B=6'101100, Y=$flatten\receiver.$0\rx_state[2:0] [1:0]
      New connections: $flatten\receiver.$0\rx_state[2:0] [2] = 1'0
  Optimizing cells in module \top.
Performed a total of 1 changes.

5.30.5. Executing OPT_MERGE pass (detect identical cells).
Finding identical cells in module `\top'.
Computing hashes of 206 cells of `\top'.
Finding duplicate cells in `\top'.
Removed a total of 0 cells.

5.30.6. Executing OPT_DFF pass (perform DFF optimizations).

5.30.7. Executing OPT_CLEAN pass (remove unused cells and wires).
Finding unused cells or wires in module \top..
Removed 0 unused cells and 36 unused wires.
<suppressed ~1 debug messages>

5.30.8. Executing OPT_EXPR pass (perform const folding).
Optimizing module top.

5.30.9. Rerunning OPT passes. (Maybe there is more to do..)

5.30.10. Executing OPT_MUXTREE pass (detect dead branches in mux trees).
Running muxtree optimizer on module \top..
  Creating internal representation of mux trees.
  Evaluating internal representation of mux trees.
  Analyzing evaluation results.
Removed 0 multiplexer ports.
<suppressed ~65 debug messages>

5.30.11. Executing OPT_REDUCE pass (consolidate $*mux and $reduce_* inputs).
  Optimizing cells in module \top.
Performed a total of 0 changes.

5.30.12. Executing OPT_MERGE pass (detect identical cells).
Finding identical cells in module `\top'.
Computing hashes of 206 cells of `\top'.
Finding duplicate cells in `\top'.
Removed a total of 0 cells.

5.30.13. Executing OPT_DFF pass (perform DFF optimizations).
Adding EN signal on $memory\buffer.mem[0]$931 ($dff) from module top (D = \receiver.data, Q = \buffer.mem[0]).
Adding EN signal on $memory\buffer.mem[1]$933 ($dff) from module top (D = \receiver.data, Q = \buffer.mem[1]).
Adding EN signal on $memory\buffer.mem[2]$935 ($dff) from module top (D = \receiver.data, Q = \buffer.mem[2]).
Adding EN signal on $memory\buffer.mem[3]$937 ($dff) from module top (D = \receiver.data, Q = \buffer.mem[3]).
Adding EN signal on $memory\buffer.mem[4]$939 ($dff) from module top (D = \receiver.data, Q = \buffer.mem[4]).
Adding EN signal on $memory\buffer.mem[5]$941 ($dff) from module top (D = \receiver.data, Q = \buffer.mem[5]).
Adding EN signal on $memory\buffer.mem[6]$943 ($dff) from module top (D = \receiver.data, Q = \buffer.mem[6]).
Adding EN signal on $memory\buffer.mem[7]$945 ($dff) from module top (D = \receiver.data, Q = \buffer.mem[7]).
Adding EN signal on $memory\buffer.mem[8]$947 ($dff) from module top (D = \receiver.data, Q = \buffer.mem[8]).
Adding EN signal on $memory\buffer.mem[9]$949 ($dff) from module top (D = \receiver.data, Q = \buffer.mem[9]).
Adding EN signal on $memory\buffer.mem[10]$951 ($dff) from module top (D = \receiver.data, Q = \buffer.mem[10]).
Adding EN signal on $memory\buffer.mem[11]$953 ($dff) from module top (D = \receiver.data, Q = \buffer.mem[11]).
Adding EN signal on $memory\buffer.mem[12]$955 ($dff) from module top (D = \receiver.data, Q = \buffer.mem[12]).
Adding EN signal on $memory\buffer.mem[13]$957 ($dff) from module top (D = \receiver.data, Q = \buffer.mem[13]).
Adding EN signal on $memory\buffer.mem[14]$959 ($dff) from module top (D = \receiver.data, Q = \buffer.mem[14]).
Adding EN signal on $memory\buffer.mem[15]$961 ($dff) from module top (D = \receiver.data, Q = \buffer.mem[15]).
Setting constant 0-bit at position 2 on $auto$ff.cc:337:slice$723 ($dffe) from module top.

5.30.14. Executing OPT_CLEAN pass (remove unused cells and wires).
Finding unused cells or wires in module \top..
Removed 16 unused cells and 16 unused wires.
<suppressed ~17 debug messages>

5.30.15. Executing OPT_EXPR pass (perform const folding).
Optimizing module top.
<suppressed ~1 debug messages>

5.30.16. Rerunning OPT passes. (Maybe there is more to do..)

5.30.17. Executing OPT_MUXTREE pass (detect dead branches in mux trees).
Running muxtree optimizer on module \top..
  Creating internal representation of mux trees.
  Evaluating internal representation of mux trees.
  Analyzing evaluation results.
Removed 0 multiplexer ports.
<suppressed ~33 debug messages>

5.30.18. Executing OPT_REDUCE pass (consolidate $*mux and $reduce_* inputs).
  Optimizing cells in module \top.
Performed a total of 0 changes.

5.30.19. Executing OPT_MERGE pass (detect identical cells).
Finding identical cells in module `\top'.
Computing hashes of 190 cells of `\top'.
Finding duplicate cells in `\top'.
Removed a total of 0 cells.

5.30.20. Executing OPT_DFF pass (perform DFF optimizations).

5.30.21. Executing OPT_CLEAN pass (remove unused cells and wires).
Finding unused cells or wires in module \top..

5.30.22. Executing OPT_EXPR pass (perform const folding).
Optimizing module top.

5.30.23. Finished fast OPT passes. (There is nothing left to do.)

5.31. Executing ICE40_WRAPCARRY pass (wrap carries).

5.32. Executing TECHMAP pass (map to technology primitives).

5.32.1. Executing Verilog-2005 frontend: /Users/isaacahn/oss-cad-suite/libexec/../share/yosys/techmap.v
Parsing Verilog input from `/Users/isaacahn/oss-cad-suite/libexec/../share/yosys/techmap.v' to AST representation.
Generating RTLIL representation for module `\_90_simplemap_bool_ops'.
Generating RTLIL representation for module `\_90_simplemap_reduce_ops'.
Generating RTLIL representation for module `\_90_simplemap_logic_ops'.
Generating RTLIL representation for module `\_90_simplemap_compare_ops'.
Generating RTLIL representation for module `\_90_simplemap_various'.
Generating RTLIL representation for module `\_90_simplemap_registers'.
Generating RTLIL representation for module `\_90_shift_ops_shr_shl_sshl_sshr'.
Generating RTLIL representation for module `\_90_shift_shiftx'.
Generating RTLIL representation for module `\_90_fa'.
Generating RTLIL representation for module `\_90_lcu_brent_kung'.
Generating RTLIL representation for module `\_90_alu'.
Generating RTLIL representation for module `\_90_macc'.
Generating RTLIL representation for module `\_90_alumacc'.
Generating RTLIL representation for module `$__div_mod_u'.
Generating RTLIL representation for module `$__div_mod_trunc'.
Generating RTLIL representation for module `\_90_div'.
Generating RTLIL representation for module `\_90_mod'.
Generating RTLIL representation for module `$__div_mod_floor'.
Generating RTLIL representation for module `\_90_divfloor'.
Generating RTLIL representation for module `\_90_modfloor'.
Generating RTLIL representation for module `\_90_pow'.
Generating RTLIL representation for module `\_90_pmux'.
Generating RTLIL representation for module `\_90_demux'.
Generating RTLIL representation for module `\_90_lut'.
Generating RTLIL representation for module `$connect'.
Generating RTLIL representation for module `$input_port'.
Successfully finished Verilog frontend.

5.32.2. Executing Verilog-2005 frontend: /Users/isaacahn/oss-cad-suite/libexec/../share/yosys/ice40/arith_map.v
Parsing Verilog input from `/Users/isaacahn/oss-cad-suite/libexec/../share/yosys/ice40/arith_map.v' to AST representation.
Generating RTLIL representation for module `\_80_ice40_alu'.
Successfully finished Verilog frontend.

5.32.3. Continuing TECHMAP pass.
Using extmapper simplemap for cells of type $dffe.
Using extmapper simplemap for cells of type $and.
Using extmapper simplemap for cells of type $not.
Using extmapper simplemap for cells of type $reduce_or.
Using extmapper simplemap for cells of type $sdffce.
Using extmapper simplemap for cells of type $reduce_and.
Using template $paramod$b18e16801adf491a64caa0542270798e5d4ac6b6\_80_ice40_alu for cells of type $alu.
Using template $paramod$672a140277c71df8314410f22acc08d55222c3c7\_80_ice40_alu for cells of type $alu.
Using template $paramod$9f3f81d189a6b1d5c738a580270bbb92e45c5c71\_80_ice40_alu for cells of type $alu.
Using template $paramod$c3cd1564c35d873179656addd6052d7ea8b6d991\_80_ice40_alu for cells of type $alu.
Using template $paramod$8742280fdebca84e1c87f2a86ed84f62d558f4cc\_80_ice40_alu for cells of type $alu.
Using extmapper simplemap for cells of type $or.
Using template $paramod$f956edc9fe4df758d9fdb10bfc518a364c99e75e\_80_ice40_alu for cells of type $alu.
Using template $paramod$dad13a281fa6a9ffd6dd427a87dc9a952e80e9ea\_80_ice40_alu for cells of type $alu.
Using template $paramod$ba698a254f9a5947e85cbe7beae6b161eefc5386\_90_alu for cells of type $alu.
Using template $paramod$ed40eaed6d7865a5f6e873e7da3aa6067d71cfbb\_80_ice40_alu for cells of type $alu.
Using extmapper simplemap for cells of type $ne.
Using extmapper simplemap for cells of type $reduce_bool.
Using extmapper simplemap for cells of type $logic_not.
Using extmapper simplemap for cells of type $logic_and.
Using extmapper simplemap for cells of type $mux.
Using extmapper simplemap for cells of type $dff.
Using template $paramod$97565c3687be688407d1272a293bd9d0ae6852dc\_90_pmux for cells of type $pmux.
Using extmapper simplemap for cells of type $eq.
Using template $paramod$645fe0cc96ae5edb83bff90cc2c78f4a20ca3e3c\_90_pmux for cells of type $pmux.
Using template $paramod$constmap:488dd794909095839a4cb47777d11ad6c84eaa5d$paramod$bf1bd75c2897de5b1f00168e40482a114d0d1f2e\_90_shift_shiftx for cells of type $shift.
Analyzing pattern of constant bits for this cell:
  Constant input on bit 0 of port A: 1'1
Creating constmapped module `$paramod$constmap:fb40d45ee5715d3b14913a5fea914d447d5060bf$paramod$bf1bd75c2897de5b1f00168e40482a114d0d1f2e\_90_shift_shiftx'.

5.32.32. Executing OPT_MUXTREE pass (detect dead branches in mux trees).
Running muxtree optimizer on module $paramod$constmap:fb40d45ee5715d3b14913a5fea914d447d5060bf$paramod$bf1bd75c2897de5b1f00168e40482a114d0d1f2e\_90_shift_shiftx..
  Creating internal representation of mux trees.
  Evaluating internal representation of mux trees.
  Analyzing evaluation results.
    dead port 2/2 on $mux $procmux$1860.
    dead port 2/2 on $mux $procmux$1866.
    dead port 2/2 on $mux $procmux$1872.
    dead port 2/2 on $mux $procmux$1878.
Removed 4 multiplexer ports.
<suppressed ~705 debug messages>

5.32.33. Executing OPT_EXPR pass (perform const folding).
Optimizing module $paramod$constmap:fb40d45ee5715d3b14913a5fea914d447d5060bf$paramod$bf1bd75c2897de5b1f00168e40482a114d0d1f2e\_90_shift_shiftx.
<suppressed ~3 debug messages>
Removed 0 unused cells and 9 unused wires.
Using template $paramod$constmap:fb40d45ee5715d3b14913a5fea914d447d5060bf$paramod$bf1bd75c2897de5b1f00168e40482a114d0d1f2e\_90_shift_shiftx for cells of type $shift.
Using template $paramod$constmap:c18a779b305be57f90af3b4bf58295591481f293$paramod$724ca30713ca8aea2c8cc37cca71097000942a01\_90_shift_shiftx for cells of type $shiftx.
Using template $paramod$c5c783b17ab1d780abfad8cfe6563a0a7b47a3b0\_90_pmux for cells of type $pmux.
Using template $paramod$d31bf4d7d72e59528d18fbd4f322e9d608532043\_90_pmux for cells of type $pmux.
Using template $paramod$fc16b9f758000d363d24f130038bd99b46b4fa1b\_90_pmux for cells of type $pmux.
Using extmapper simplemap for cells of type $pos.
Using extmapper simplemap for cells of type $xor.
Using template $paramod\_90_fa\WIDTH=32'00000000000000000000000000000010 for cells of type $fa.
Using template $paramod\_90_lcu_brent_kung\WIDTH=32'00000000000000000000000000000010 for cells of type $lcu.
No more expansions possible.
<suppressed ~544 debug messages>

5.33. Executing OPT pass (performing simple optimizations).

5.33.1. Executing OPT_EXPR pass (perform const folding).
Optimizing module top.
<suppressed ~517 debug messages>

5.33.2. Executing OPT_MERGE pass (detect identical cells).
Finding identical cells in module `\top'.
Computing hashes of 877 cells of `\top'.
Finding duplicate cells in `\top'.
Computing hashes of 829 cells of `\top'.
Finding duplicate cells in `\top'.
Computing hashes of 828 cells of `\top'.
Finding duplicate cells in `\top'.
<suppressed ~147 debug messages>
Removed a total of 49 cells.

5.33.3. Executing OPT_DFF pass (perform DFF optimizations).

5.33.4. Executing OPT_CLEAN pass (remove unused cells and wires).
Finding unused cells or wires in module \top..
Removed 61 unused cells and 554 unused wires.
<suppressed ~62 debug messages>

5.33.5. Finished fast OPT passes.

5.34. Executing ICE40_OPT pass (performing simple optimizations).

5.34.1. Running ICE40 specific optimizations.
Optimized $__ICE40_CARRY_WRAPPER cell back to logic (without SB_CARRY) top.$auto$alumacc.cc:512:replace_alu$805.slice[0].carry: CO=\receiver.rx_baud_counter [3]
Optimized $__ICE40_CARRY_WRAPPER cell back to logic (without SB_CARRY) top.$auto$alumacc.cc:512:replace_alu$810.slice[0].carry: CO=\receiver.rx_baud_counter [2]
Optimized $__ICE40_CARRY_WRAPPER cell back to logic (without SB_CARRY) top.$auto$alumacc.cc:512:replace_alu$820.slice[0].carry: CO=\transmitter.baud_counter [3]
Optimized $__ICE40_CARRY_WRAPPER cell back to logic (without SB_CARRY) top.$auto$alumacc.cc:512:replace_alu$825.slice[0].carry: CO=\buffer.count [1]
Optimized $__ICE40_CARRY_WRAPPER cell back to logic (without SB_CARRY) top.$auto$alumacc.cc:512:replace_alu$838.slice[0].carry: CO=\buffer.read_ptr [0]
Optimized $__ICE40_CARRY_WRAPPER cell back to logic (without SB_CARRY) top.$auto$alumacc.cc:512:replace_alu$841.slice[0].carry: CO=\transmitter.baud_counter [0]
Optimized $__ICE40_CARRY_WRAPPER cell back to logic (without SB_CARRY) top.$auto$alumacc.cc:512:replace_alu$844.slice[0].carry: CO=\receiver.rx_baud_counter [0]
Optimized $__ICE40_CARRY_WRAPPER cell back to logic (without SB_CARRY) top.$auto$alumacc.cc:512:replace_alu$847.slice[0].carry: CO=$auto$alumacc.cc:512:replace_alu$847.BB [0]
Optimized $__ICE40_CARRY_WRAPPER cell back to logic (without SB_CARRY) top.$auto$alumacc.cc:512:replace_alu$847.slice[5].carry: CO=$auto$alumacc.cc:512:replace_alu$847.C [5]
Optimized $__ICE40_CARRY_WRAPPER cell back to logic (without SB_CARRY) top.$auto$alumacc.cc:512:replace_alu$850.slice[0].carry: CO=\receiver.rx_bit_index [0]
Optimized $__ICE40_CARRY_WRAPPER cell back to logic (without SB_CARRY) top.$auto$alumacc.cc:512:replace_alu$853.slice[0].carry: CO=\transmitter.bit_index [0]
Optimized $__ICE40_CARRY_WRAPPER cell back to logic (without SB_CARRY) top.$auto$alumacc.cc:512:replace_alu$856.slice[0].carry: CO=\buffer.read_ptr [0]
Optimized $__ICE40_CARRY_WRAPPER cell back to logic (without SB_CARRY) top.$auto$alumacc.cc:512:replace_alu$859.slice[0].carry: CO=\buffer.write_ptr [0]

5.34.2. Executing OPT_EXPR pass (perform const folding).
Optimizing module top.

5.34.3. Executing OPT_MERGE pass (detect identical cells).
Finding identical cells in module `\top'.
Computing hashes of 767 cells of `\top'.
Finding duplicate cells in `\top'.
Removed a total of 0 cells.

5.34.4. Executing OPT_DFF pass (perform DFF optimizations).
Adding SRST signal on $auto$ff.cc:337:slice$1650 ($_DFFE_PP_) from module top (D = $flatten\receiver.$procmux$527.Y_B [7], Q = \receiver.rx_baud_counter [7], rval = 1'0).
Adding SRST signal on $auto$ff.cc:337:slice$1561 ($_DFFE_PP_) from module top (D = $flatten\transmitter.$procmux$583.Y_B [7], Q = \transmitter.baud_counter [7], rval = 1'0).
Adding SRST signal on $auto$ff.cc:337:slice$1549 ($_DFFE_PP_) from module top (D = $flatten\transmitter.$procmux$599.B_AND_S [5], Q = \transmitter.current_state [2], rval = 1'0).
Adding SRST signal on $auto$ff.cc:337:slice$1495 ($_DFFE_PP_) from module top (D = $flatten\transmitter.$procmux$624.Y_B, Q = \transmitter.tx, rval = 1'0).
Adding SRST signal on $auto$ff.cc:337:slice$1232 ($_DFFE_PP_) from module top (D = $flatten\receiver.$procmux$544.Y_B [1], Q = \receiver.rx_state [1], rval = 1'0).
Adding SRST signal on $auto$ff.cc:337:slice$1231 ($_DFFE_PP_) from module top (D = $flatten\receiver.$procmux$527.S [1], Q = \receiver.rx_state [0], rval = 1'1).
Adding SRST signal on $auto$ff.cc:337:slice$1547 ($_DFFE_PP_) from module top (D = $flatten\transmitter.$procmux$583.S [1], Q = \transmitter.current_state [0], rval = 1'1).
Adding SRST signal on $auto$ff.cc:337:slice$1548 ($_DFFE_PP_) from module top (D = $flatten\transmitter.$procmux$599.Y_B [1], Q = \transmitter.current_state [1], rval = 1'0).
Adding SRST signal on $auto$ff.cc:337:slice$1554 ($_DFFE_PP_) from module top (D = $flatten\transmitter.$procmux$583.Y_B [0], Q = \transmitter.baud_counter [0], rval = 1'0).
Adding SRST signal on $auto$ff.cc:337:slice$1555 ($_DFFE_PP_) from module top (D = $flatten\transmitter.$procmux$583.Y_B [1], Q = \transmitter.baud_counter [1], rval = 1'0).
Adding SRST signal on $auto$ff.cc:337:slice$1556 ($_DFFE_PP_) from module top (D = $flatten\transmitter.$procmux$583.Y_B [2], Q = \transmitter.baud_counter [2], rval = 1'0).
Adding SRST signal on $auto$ff.cc:337:slice$1557 ($_DFFE_PP_) from module top (D = $flatten\transmitter.$procmux$583.Y_B [3], Q = \transmitter.baud_counter [3], rval = 1'0).
Adding SRST signal on $auto$ff.cc:337:slice$1558 ($_DFFE_PP_) from module top (D = $flatten\transmitter.$procmux$583.Y_B [4], Q = \transmitter.baud_counter [4], rval = 1'0).
Adding SRST signal on $auto$ff.cc:337:slice$1559 ($_DFFE_PP_) from module top (D = $flatten\transmitter.$procmux$583.Y_B [5], Q = \transmitter.baud_counter [5], rval = 1'0).
Adding SRST signal on $auto$ff.cc:337:slice$1560 ($_DFFE_PP_) from module top (D = $flatten\transmitter.$procmux$583.Y_B [6], Q = \transmitter.baud_counter [6], rval = 1'0).
Adding SRST signal on $auto$ff.cc:337:slice$1643 ($_DFFE_PP_) from module top (D = $flatten\receiver.$procmux$527.Y_B [0], Q = \receiver.rx_baud_counter [0], rval = 1'0).
Adding SRST signal on $auto$ff.cc:337:slice$1644 ($_DFFE_PP_) from module top (D = $flatten\receiver.$procmux$527.Y_B [1], Q = \receiver.rx_baud_counter [1], rval = 1'0).
Adding SRST signal on $auto$ff.cc:337:slice$1645 ($_DFFE_PP_) from module top (D = $flatten\receiver.$procmux$527.Y_B [2], Q = \receiver.rx_baud_counter [2], rval = 1'0).
Adding SRST signal on $auto$ff.cc:337:slice$1646 ($_DFFE_PP_) from module top (D = $flatten\receiver.$procmux$527.Y_B [3], Q = \receiver.rx_baud_counter [3], rval = 1'0).
Adding SRST signal on $auto$ff.cc:337:slice$1647 ($_DFFE_PP_) from module top (D = $flatten\receiver.$procmux$527.Y_B [4], Q = \receiver.rx_baud_counter [4], rval = 1'0).
Adding SRST signal on $auto$ff.cc:337:slice$1648 ($_DFFE_PP_) from module top (D = $flatten\receiver.$procmux$527.Y_B [5], Q = \receiver.rx_baud_counter [5], rval = 1'0).
Adding SRST signal on $auto$ff.cc:337:slice$1649 ($_DFFE_PP_) from module top (D = $flatten\receiver.$procmux$527.Y_B [6], Q = \receiver.rx_baud_counter [6], rval = 1'0).

5.34.5. Executing OPT_CLEAN pass (remove unused cells and wires).
Finding unused cells or wires in module \top..
Removed 26 unused cells and 6 unused wires.
<suppressed ~27 debug messages>

5.34.6. Rerunning OPT passes. (Removed registers in this run.)

5.34.7. Running ICE40 specific optimizations.

5.34.8. Executing OPT_EXPR pass (perform const folding).
Optimizing module top.

5.34.9. Executing OPT_MERGE pass (detect identical cells).
Finding identical cells in module `\top'.
Computing hashes of 741 cells of `\top'.
Finding duplicate cells in `\top'.
Removed a total of 0 cells.

5.34.10. Executing OPT_DFF pass (perform DFF optimizations).

5.34.11. Executing OPT_CLEAN pass (remove unused cells and wires).
Finding unused cells or wires in module \top..

5.34.12. Finished OPT passes. (There is nothing left to do.)

5.35. Executing DFFLEGALIZE pass (convert FFs to types supported by the target).

5.36. Executing TECHMAP pass (map to technology primitives).

5.36.1. Executing Verilog-2005 frontend: /Users/isaacahn/oss-cad-suite/libexec/../share/yosys/ice40/ff_map.v
Parsing Verilog input from `/Users/isaacahn/oss-cad-suite/libexec/../share/yosys/ice40/ff_map.v' to AST representation.
Generating RTLIL representation for module `$_DFF_N_'.
Generating RTLIL representation for module `$_DFF_P_'.
Generating RTLIL representation for module `$_DFFE_NP_'.
Generating RTLIL representation for module `$_DFFE_PP_'.
Generating RTLIL representation for module `$_DFF_NP0_'.
Generating RTLIL representation for module `$_DFF_NP1_'.
Generating RTLIL representation for module `$_DFF_PP0_'.
Generating RTLIL representation for module `$_DFF_PP1_'.
Generating RTLIL representation for module `$_DFFE_NP0P_'.
Generating RTLIL representation for module `$_DFFE_NP1P_'.
Generating RTLIL representation for module `$_DFFE_PP0P_'.
Generating RTLIL representation for module `$_DFFE_PP1P_'.
Generating RTLIL representation for module `$_SDFF_NP0_'.
Generating RTLIL representation for module `$_SDFF_NP1_'.
Generating RTLIL representation for module `$_SDFF_PP0_'.
Generating RTLIL representation for module `$_SDFF_PP1_'.
Generating RTLIL representation for module `$_SDFFCE_NP0P_'.
Generating RTLIL representation for module `$_SDFFCE_NP1P_'.
Generating RTLIL representation for module `$_SDFFCE_PP0P_'.
Generating RTLIL representation for module `$_SDFFCE_PP1P_'.
Successfully finished Verilog frontend.

5.36.2. Continuing TECHMAP pass.
Using template $_SDFFCE_PP0P_ for cells of type $_SDFFCE_PP0P_.
Using template $_SDFFCE_PP1P_ for cells of type $_SDFFCE_PP1P_.
Using template $_DFF_P_ for cells of type $_DFF_P_.
Using template $_DFFE_PP_ for cells of type $_DFFE_PP_.
No more expansions possible.
<suppressed ~205 debug messages>

5.37. Executing OPT_EXPR pass (perform const folding).
Optimizing module top.
<suppressed ~8 debug messages>

5.38. Executing SIMPLEMAP pass (map simple cells to gate primitives).
Mapping top.$auto$alumacc.cc:512:replace_alu$838.slice[0].carry ($lut).
Mapping top.$auto$alumacc.cc:512:replace_alu$841.slice[0].carry ($lut).
Mapping top.$auto$alumacc.cc:512:replace_alu$844.slice[0].carry ($lut).
Mapping top.$auto$alumacc.cc:512:replace_alu$847.slice[0].carry ($lut).
Mapping top.$auto$alumacc.cc:512:replace_alu$847.slice[5].carry ($lut).
Mapping top.$auto$alumacc.cc:512:replace_alu$850.slice[0].carry ($lut).
Mapping top.$auto$alumacc.cc:512:replace_alu$853.slice[0].carry ($lut).
Mapping top.$auto$alumacc.cc:512:replace_alu$856.slice[0].carry ($lut).
Mapping top.$auto$alumacc.cc:512:replace_alu$859.slice[0].carry ($lut).

5.39. Executing ICE40_OPT pass (performing simple optimizations).

5.39.1. Running ICE40 specific optimizations.

5.39.2. Executing OPT_EXPR pass (perform const folding).
Optimizing module top.
<suppressed ~221 debug messages>

5.39.3. Executing OPT_MERGE pass (detect identical cells).
Finding identical cells in module `\top'.
Computing hashes of 764 cells of `\top'.
Finding duplicate cells in `\top'.
Computing hashes of 740 cells of `\top'.
Finding duplicate cells in `\top'.
<suppressed ~72 debug messages>
Removed a total of 24 cells.

5.39.4. Executing OPT_DFF pass (perform DFF optimizations).

5.39.5. Executing OPT_CLEAN pass (remove unused cells and wires).
Finding unused cells or wires in module \top..
Removed 0 unused cells and 1015 unused wires.
<suppressed ~1 debug messages>

5.39.6. Rerunning OPT passes. (Removed registers in this run.)

5.39.7. Running ICE40 specific optimizations.

5.39.8. Executing OPT_EXPR pass (perform const folding).
Optimizing module top.

5.39.9. Executing OPT_MERGE pass (detect identical cells).
Finding identical cells in module `\top'.
Computing hashes of 740 cells of `\top'.
Finding duplicate cells in `\top'.
Removed a total of 0 cells.

5.39.10. Executing OPT_DFF pass (perform DFF optimizations).

5.39.11. Executing OPT_CLEAN pass (remove unused cells and wires).
Finding unused cells or wires in module \top..

5.39.12. Finished OPT passes. (There is nothing left to do.)

5.40. Executing TECHMAP pass (map to technology primitives).

5.40.1. Executing Verilog-2005 frontend: /Users/isaacahn/oss-cad-suite/libexec/../share/yosys/ice40/latches_map.v
Parsing Verilog input from `/Users/isaacahn/oss-cad-suite/libexec/../share/yosys/ice40/latches_map.v' to AST representation.
Generating RTLIL representation for module `$_DLATCH_N_'.
Generating RTLIL representation for module `$_DLATCH_P_'.
Successfully finished Verilog frontend.

5.40.2. Continuing TECHMAP pass.
No more expansions possible.
<suppressed ~4 debug messages>

5.41. Executing Verilog-2005 frontend: /Users/isaacahn/oss-cad-suite/libexec/../share/yosys/ice40/abc9_model.v
Parsing Verilog input from `/Users/isaacahn/oss-cad-suite/libexec/../share/yosys/ice40/abc9_model.v' to AST representation.
Generating RTLIL representation for module `$__ICE40_CARRY_WRAPPER'.
Successfully finished Verilog frontend.

5.42. Executing ABC9 pass.

5.42.1. Executing ABC9_OPS pass (helper functions for ABC9).

5.42.2. Executing ABC9_OPS pass (helper functions for ABC9).

5.42.3. Executing SCC pass (detecting logic loops).
Found 0 SCCs in module top.
Found 0 SCCs.

5.42.4. Executing ABC9_OPS pass (helper functions for ABC9).

5.42.5. Executing TECHMAP pass (map to technology primitives).

5.42.5.1. Executing Verilog-2005 frontend: /Users/isaacahn/oss-cad-suite/libexec/../share/yosys/techmap.v
Parsing Verilog input from `/Users/isaacahn/oss-cad-suite/libexec/../share/yosys/techmap.v' to AST representation.
Generating RTLIL representation for module `\_90_simplemap_bool_ops'.
Generating RTLIL representation for module `\_90_simplemap_reduce_ops'.
Generating RTLIL representation for module `\_90_simplemap_logic_ops'.
Generating RTLIL representation for module `\_90_simplemap_compare_ops'.
Generating RTLIL representation for module `\_90_simplemap_various'.
Generating RTLIL representation for module `\_90_simplemap_registers'.
Generating RTLIL representation for module `\_90_shift_ops_shr_shl_sshl_sshr'.
Generating RTLIL representation for module `\_90_shift_shiftx'.
Generating RTLIL representation for module `\_90_fa'.
Generating RTLIL representation for module `\_90_lcu_brent_kung'.
Generating RTLIL representation for module `\_90_alu'.
Generating RTLIL representation for module `\_90_macc'.
Generating RTLIL representation for module `\_90_alumacc'.
Generating RTLIL representation for module `$__div_mod_u'.
Generating RTLIL representation for module `$__div_mod_trunc'.
Generating RTLIL representation for module `\_90_div'.
Generating RTLIL representation for module `\_90_mod'.
Generating RTLIL representation for module `$__div_mod_floor'.
Generating RTLIL representation for module `\_90_divfloor'.
Generating RTLIL representation for module `\_90_modfloor'.
Generating RTLIL representation for module `\_90_pow'.
Generating RTLIL representation for module `\_90_pmux'.
Generating RTLIL representation for module `\_90_demux'.
Generating RTLIL representation for module `\_90_lut'.
Generating RTLIL representation for module `$connect'.
Generating RTLIL representation for module `$input_port'.
Successfully finished Verilog frontend.

5.42.5.2. Continuing TECHMAP pass.
No more expansions possible.
<suppressed ~130 debug messages>

5.42.6. Executing OPT pass (performing simple optimizations).

5.42.6.1. Executing OPT_EXPR pass (perform const folding).

5.42.6.2. Executing OPT_MERGE pass (detect identical cells).
Removed a total of 0 cells.

5.42.6.3. Executing OPT_MUXTREE pass (detect dead branches in mux trees).
Removed 0 multiplexer ports.

5.42.6.4. Executing OPT_REDUCE pass (consolidate $*mux and $reduce_* inputs).
Performed a total of 0 changes.

5.42.6.5. Executing OPT_MERGE pass (detect identical cells).
Removed a total of 0 cells.

5.42.6.6. Executing OPT_DFF pass (perform DFF optimizations).

5.42.6.7. Executing OPT_CLEAN pass (remove unused cells and wires).

5.42.6.8. Executing OPT_EXPR pass (perform const folding).

5.42.6.9. Finished fast OPT passes. (There is nothing left to do.)

5.42.7. Executing TECHMAP pass (map to technology primitives).

5.42.7.1. Executing Verilog-2005 frontend: /Users/isaacahn/oss-cad-suite/libexec/../share/yosys/abc9_map.v
Parsing Verilog input from `/Users/isaacahn/oss-cad-suite/libexec/../share/yosys/abc9_map.v' to AST representation.
Successfully finished Verilog frontend.

5.42.7.2. Continuing TECHMAP pass.
No more expansions possible.
<suppressed ~2 debug messages>

5.42.8. Executing Verilog-2005 frontend: /Users/isaacahn/oss-cad-suite/libexec/../share/yosys/abc9_model.v
Parsing Verilog input from `/Users/isaacahn/oss-cad-suite/libexec/../share/yosys/abc9_model.v' to AST representation.
Generating RTLIL representation for module `$__ABC9_DELAY'.
Generating RTLIL representation for module `$__ABC9_SCC_BREAKER'.
Generating RTLIL representation for module `$__DFF_N__$abc9_flop'.
Generating RTLIL representation for module `$__DFF_P__$abc9_flop'.
Successfully finished Verilog frontend.

5.42.9. Executing ABC9_OPS pass (helper functions for ABC9).
<suppressed ~225 debug messages>

5.42.10. Executing ABC9_OPS pass (helper functions for ABC9).

5.42.11. Executing ABC9_OPS pass (helper functions for ABC9).
<suppressed ~2 debug messages>

5.42.12. Executing TECHMAP pass (map to technology primitives).

5.42.12.1. Executing Verilog-2005 frontend: /Users/isaacahn/oss-cad-suite/libexec/../share/yosys/techmap.v
Parsing Verilog input from `/Users/isaacahn/oss-cad-suite/libexec/../share/yosys/techmap.v' to AST representation.
Generating RTLIL representation for module `\_90_simplemap_bool_ops'.
Generating RTLIL representation for module `\_90_simplemap_reduce_ops'.
Generating RTLIL representation for module `\_90_simplemap_logic_ops'.
Generating RTLIL representation for module `\_90_simplemap_compare_ops'.
Generating RTLIL representation for module `\_90_simplemap_various'.
Generating RTLIL representation for module `\_90_simplemap_registers'.
Generating RTLIL representation for module `\_90_shift_ops_shr_shl_sshl_sshr'.
Generating RTLIL representation for module `\_90_shift_shiftx'.
Generating RTLIL representation for module `\_90_fa'.
Generating RTLIL representation for module `\_90_lcu_brent_kung'.
Generating RTLIL representation for module `\_90_alu'.
Generating RTLIL representation for module `\_90_macc'.
Generating RTLIL representation for module `\_90_alumacc'.
Generating RTLIL representation for module `$__div_mod_u'.
Generating RTLIL representation for module `$__div_mod_trunc'.
Generating RTLIL representation for module `\_90_div'.
Generating RTLIL representation for module `\_90_mod'.
Generating RTLIL representation for module `$__div_mod_floor'.
Generating RTLIL representation for module `\_90_divfloor'.
Generating RTLIL representation for module `\_90_modfloor'.
Generating RTLIL representation for module `\_90_pow'.
Generating RTLIL representation for module `\_90_pmux'.
Generating RTLIL representation for module `\_90_demux'.
Generating RTLIL representation for module `\_90_lut'.
Generating RTLIL representation for module `$connect'.
Generating RTLIL representation for module `$input_port'.
Successfully finished Verilog frontend.

5.42.12.2. Continuing TECHMAP pass.
Using template $paramod$__ICE40_CARRY_WRAPPER\LUT=16'0110100110010110\I3_IS_CI=1'1 for cells of type $paramod$__ICE40_CARRY_WRAPPER\LUT=16'0110100110010110\I3_IS_CI=1'1.
Using template SB_CARRY for cells of type SB_CARRY.
Using template $paramod\SB_LUT4\LUT_INIT=16'0110100110010110 for cells of type SB_LUT4.
Using extmapper simplemap for cells of type $mux.
Using extmapper simplemap for cells of type $logic_or.
Using extmapper simplemap for cells of type $logic_and.
No more expansions possible.
<suppressed ~151 debug messages>

5.42.13. Executing OPT pass (performing simple optimizations).

5.42.13.1. Executing OPT_EXPR pass (perform const folding).
Optimizing module top.
<suppressed ~4 debug messages>

5.42.13.2. Executing OPT_MERGE pass (detect identical cells).
Finding identical cells in module `\top'.
Computing hashes of 30 cells of `\top'.
Finding duplicate cells in `\top'.
Computing hashes of 20 cells of `\top'.
Finding duplicate cells in `\top'.
Computing hashes of 18 cells of `\top'.
Finding duplicate cells in `\top'.
<suppressed ~29 debug messages>
Removed a total of 12 cells.

5.42.13.3. Executing OPT_MUXTREE pass (detect dead branches in mux trees).
Running muxtree optimizer on module \top..
  Creating internal representation of mux trees.
  No muxes found in this module.
Removed 0 multiplexer ports.

5.42.13.4. Executing OPT_REDUCE pass (consolidate $*mux and $reduce_* inputs).
  Optimizing cells in module \top.
Performed a total of 0 changes.

5.42.13.5. Executing OPT_MERGE pass (detect identical cells).
Finding identical cells in module `\top'.
Computing hashes of 18 cells of `\top'.
Finding duplicate cells in `\top'.
Removed a total of 0 cells.

5.42.13.6. Executing OPT_DFF pass (perform DFF optimizations).

5.42.13.7. Executing OPT_CLEAN pass (remove unused cells and wires).
Finding unused cells or wires in module \top..
Removed 0 unused cells and 24 unused wires.
<suppressed ~1 debug messages>

5.42.13.8. Executing OPT_EXPR pass (perform const folding).
Optimizing module top.

5.42.13.9. Rerunning OPT passes. (Maybe there is more to do..)

5.42.13.10. Executing OPT_MUXTREE pass (detect dead branches in mux trees).
Running muxtree optimizer on module \top..
  Creating internal representation of mux trees.
  No muxes found in this module.
Removed 0 multiplexer ports.

5.42.13.11. Executing OPT_REDUCE pass (consolidate $*mux and $reduce_* inputs).
  Optimizing cells in module \top.
Performed a total of 0 changes.

5.42.13.12. Executing OPT_MERGE pass (detect identical cells).
Finding identical cells in module `\top'.
Computing hashes of 18 cells of `\top'.
Finding duplicate cells in `\top'.
Removed a total of 0 cells.

5.42.13.13. Executing OPT_DFF pass (perform DFF optimizations).

5.42.13.14. Executing OPT_CLEAN pass (remove unused cells and wires).
Finding unused cells or wires in module \top..

5.42.13.15. Executing OPT_EXPR pass (perform const folding).
Optimizing module top.

5.42.13.16. Finished fast OPT passes. (There is nothing left to do.)

5.42.14. Executing AIGMAP pass (map logic to AIG).
Module top: replaced 7 cells with 43 new cells, skipped 11 cells.
  replaced 2 cell types:
       5 $_MUX_
       2 $_OR_
  not replaced 3 cell types:
       2 $_AND_
       1 $_NOT_
       8 $specify2

5.42.15. Executing AIGMAP pass (map logic to AIG).
Module top: replaced 284 cells with 1715 new cells, skipped 679 cells.
  replaced 3 cell types:
     182 $_MUX_
      91 $_OR_
      11 $_XOR_
  not replaced 10 cell types:
     151 $_AND_
      61 $_NOT_
       3 $scopeinfo
       3 SB_DFF
     140 SB_DFFE
      38 SB_DFFESR
       2 SB_DFFESS
      40 $paramod$__ABC9_DELAY\DELAY=32'00000000000000000000000011001011
     183 $paramod$__ABC9_DELAY\DELAY=32'00000000000000000000000000010101
      58 $paramod$__ICE40_CARRY_WRAPPER\LUT=16'0110100110010110\I3_IS_CI=1'1

5.42.15.1. Executing ABC9_OPS pass (helper functions for ABC9).

5.42.15.2. Executing ABC9_OPS pass (helper functions for ABC9).

5.42.15.3. Executing XAIGER backend.
<suppressed ~194 debug messages>
Extracted 821 AND gates and 2493 wires from module `top' to a netlist network with 185 inputs and 258 outputs.

5.42.15.4. Executing ABC9_EXE pass (technology mapping using ABC9).

5.42.15.5. Executing ABC9.
Running ABC command: "<yosys-exe-dir>/yosys-abc" -s -f <abc-temp-dir>/abc.script 2>&1
ABC: ======== ABC command line "source <abc-temp-dir>/abc.script"
ABC: + read_lut <abc-temp-dir>/input.lut 
ABC: + read_box <abc-temp-dir>/input.box 
ABC: + &read <abc-temp-dir>/input.xaig 
ABC: + &ps 
ABC: <abc-temp-dir>/input : i/o =    185/    258  and =     711  lev =   16 (0.62)  mem = 0.03 MB  box = 281  bb = 223
ABC: + &scorr 
ABC: Warning: The network is combinational.
ABC: + &sweep 
ABC: + &dc2 
ABC: + &dch -f -r 
ABC: + &ps 
ABC: <abc-temp-dir>/input : i/o =    185/    258  and =    1200  lev =   16 (0.54)  mem = 0.03 MB  ch =  138  box = 280  bb = 223
ABC: cst =       0  cls =    133  lit =     138  unused =    1451  proof =     0
ABC: + &if -W 250 -v 
ABC: K = 4. Memory (bytes): Truth =    0. Cut =   64. Obj =  144. Set =  672. CutMin = no
ABC: Node =    1200.  Ch =   133.  Total mem =    0.38 MB. Peak cut mem =    0.02 MB.
ABC: P:  Del = 4796.00.  Ar =     209.0.  Edge =      695.  Cut =     4500.  T =     0.00 sec
ABC: P:  Del = 4796.00.  Ar =     210.0.  Edge =      709.  Cut =     4448.  T =     0.00 sec
ABC: P:  Del = 5865.00.  Ar =     216.0.  Edge =      654.  Cut =     4763.  T =     0.00 sec
ABC: F:  Del = 7060.00.  Ar =     229.0.  Edge =      687.  Cut =     4913.  T =     0.00 sec
ABC: A:  Del = 5727.00.  Ar =     199.0.  Edge =      644.  Cut =     4778.  T =     0.00 sec
ABC: A:  Del = 5594.00.  Ar =     196.0.  Edge =      638.  Cut =     4828.  T =     0.00 sec
ABC: Total time =     0.01 sec
ABC: + &write -n <abc-temp-dir>/output.aig 
ABC: + &mfs 
ABC: + &ps -l 
ABC: <abc-temp-dir>/input : i/o =    185/    258  and =     590  lev =   17 (0.51)  mem = 0.03 MB  box = 280  bb = 223
ABC: Mapping (K=4)  :  lut =    196  edge =     636  lev =    8 (0.31)  levB =   10  mem = 0.01 MB
ABC: LUT = 196 : 2=28 14.3 %  3=92 46.9 %  4=76 38.8 %  Ave = 3.24
ABC: + &write -n <abc-temp-dir>/output.aig 
ABC: + &verify 
ABC: Networks are equivalent.  Time =     0.03 sec
ABC: + time 
ABC: elapse: 0.20 seconds, total: 0.20 seconds

5.42.15.6. Executing AIGER frontend.
<suppressed ~898 debug messages>
Removed 875 unused cells and 2164 unused wires.

5.42.15.7. Executing ABC9_OPS pass (helper functions for ABC9).
ABC RESULTS:              $lut cells:      210
ABC RESULTS:   $paramod$__ICE40_CARRY_WRAPPER\LUT=16'0110100110010110\I3_IS_CI=1'1 cells:       57
ABC RESULTS:           input signals:       32
ABC RESULTS:          output signals:      258
Removing temp directory.

5.42.16. Executing TECHMAP pass (map to technology primitives).

5.42.16.1. Executing Verilog-2005 frontend: /Users/isaacahn/oss-cad-suite/libexec/../share/yosys/abc9_unmap.v
Parsing Verilog input from `/Users/isaacahn/oss-cad-suite/libexec/../share/yosys/abc9_unmap.v' to AST representation.
Generating RTLIL representation for module `$__DFF_x__$abc9_flop'.
Generating RTLIL representation for module `$__ABC9_SCC_BREAKER'.
Successfully finished Verilog frontend.

5.42.16.2. Continuing TECHMAP pass.
Using template $paramod$__ICE40_CARRY_WRAPPER\LUT=16'0110100110010110\I3_IS_CI=1'1 for cells of type $paramod$__ICE40_CARRY_WRAPPER\LUT=16'0110100110010110\I3_IS_CI=1'1.
No more expansions possible.
<suppressed ~63 debug messages>

5.43. Executing ICE40_WRAPCARRY pass (wrap carries).

5.44. Executing TECHMAP pass (map to technology primitives).

5.44.1. Executing Verilog-2005 frontend: /Users/isaacahn/oss-cad-suite/libexec/../share/yosys/ice40/ff_map.v
Parsing Verilog input from `/Users/isaacahn/oss-cad-suite/libexec/../share/yosys/ice40/ff_map.v' to AST representation.
Generating RTLIL representation for module `$_DFF_N_'.
Generating RTLIL representation for module `$_DFF_P_'.
Generating RTLIL representation for module `$_DFFE_NP_'.
Generating RTLIL representation for module `$_DFFE_PP_'.
Generating RTLIL representation for module `$_DFF_NP0_'.
Generating RTLIL representation for module `$_DFF_NP1_'.
Generating RTLIL representation for module `$_DFF_PP0_'.
Generating RTLIL representation for module `$_DFF_PP1_'.
Generating RTLIL representation for module `$_DFFE_NP0P_'.
Generating RTLIL representation for module `$_DFFE_NP1P_'.
Generating RTLIL representation for module `$_DFFE_PP0P_'.
Generating RTLIL representation for module `$_DFFE_PP1P_'.
Generating RTLIL representation for module `$_SDFF_NP0_'.
Generating RTLIL representation for module `$_SDFF_NP1_'.
Generating RTLIL representation for module `$_SDFF_PP0_'.
Generating RTLIL representation for module `$_SDFF_PP1_'.
Generating RTLIL representation for module `$_SDFFCE_NP0P_'.
Generating RTLIL representation for module `$_SDFFCE_NP1P_'.
Generating RTLIL representation for module `$_SDFFCE_PP0P_'.
Generating RTLIL representation for module `$_SDFFCE_PP1P_'.
Successfully finished Verilog frontend.

5.44.2. Continuing TECHMAP pass.
No more expansions possible.
<suppressed ~22 debug messages>
Removed 38 unused cells and 3067 unused wires.

5.45. Executing OPT_LUT pass (optimize LUTs).
Discovering LUTs.
Number of LUTs:      249
  1-LUT               14
  2-LUT               37
  3-LUT              122
  4-LUT               76
  with \SB_CARRY    (#0)   29
  with \SB_CARRY    (#1)   34

Eliminating LUTs.
Number of LUTs:      249
  1-LUT               14
  2-LUT               37
  3-LUT              122
  4-LUT               76
  with \SB_CARRY    (#0)   29
  with \SB_CARRY    (#1)   34

Combining LUTs.
Number of LUTs:      235
  1-LUT               12
  2-LUT               23
  3-LUT              114
  4-LUT               86
  with \SB_CARRY    (#0)   29
  with \SB_CARRY    (#1)   34

Eliminated 0 LUTs.
Combined 14 LUTs.
<suppressed ~1619 debug messages>

5.46. Executing TECHMAP pass (map to technology primitives).

5.46.1. Executing Verilog-2005 frontend: /Users/isaacahn/oss-cad-suite/libexec/../share/yosys/ice40/cells_map.v
Parsing Verilog input from `/Users/isaacahn/oss-cad-suite/libexec/../share/yosys/ice40/cells_map.v' to AST representation.
Generating RTLIL representation for module `$lut'.
Successfully finished Verilog frontend.

5.46.2. Continuing TECHMAP pass.
Using template $paramod$lut\WIDTH=32'00000000000000000000000000000001\LUT=2'01 for cells of type $lut.
Using template $paramod$fd904e9e35cfd343a9df248824bd3f1408724879$lut for cells of type $lut.
Using template $paramod$4282def8dbd6df3d1248ad282c629bee684502c2$lut for cells of type $lut.
Using template $paramod$88b20fc653908aab5d0e1a4e4d07b8412b532a9b$lut for cells of type $lut.
Using template $paramod$lut\WIDTH=32'00000000000000000000000000000010\LUT=4'1000 for cells of type $lut.
Using template $paramod$9d707d218adbd63b6f9a0c79d7ee037306fb6296$lut for cells of type $lut.
Using template $paramod$lut\WIDTH=32'00000000000000000000000000000011\LUT=8'00000100 for cells of type $lut.
Using template $paramod$lut\WIDTH=32'00000000000000000000000000000011\LUT=8'11101111 for cells of type $lut.
Using template $paramod$515ef3a9b5e42bd5d7533bdf444ebd44fa8b3ff0$lut for cells of type $lut.
Using template $paramod$1a45527f4d0ab4870fb4de033bc737de3cfb8016$lut for cells of type $lut.
Using template $paramod$lut\WIDTH=32'00000000000000000000000000000011\LUT=8'10010001 for cells of type $lut.
Using template $paramod$ab8bb87959c5d7cfa27886cee1355b38e054a61a$lut for cells of type $lut.
Using template $paramod$lut\WIDTH=32'00000000000000000000000000000011\LUT=8'00000001 for cells of type $lut.
Using template $paramod$lut\WIDTH=32'00000000000000000000000000000010\LUT=4'1110 for cells of type $lut.
Using template $paramod$8dd42bf81ffad3d97e207e1565310c97cc60f1a7$lut for cells of type $lut.
Using template $paramod$lut\WIDTH=32'00000000000000000000000000000011\LUT=8'10101011 for cells of type $lut.
Using template $paramod$lut\WIDTH=32'00000000000000000000000000000011\LUT=8'10101001 for cells of type $lut.
Using template $paramod$lut\WIDTH=32'00000000000000000000000000000010\LUT=4'1101 for cells of type $lut.
Using template $paramod$lut\WIDTH=32'00000000000000000000000000000011\LUT=8'11111110 for cells of type $lut.
Using template $paramod$lut\WIDTH=32'00000000000000000000000000000011\LUT=8'10111000 for cells of type $lut.
Using template $paramod$lut\WIDTH=32'00000000000000000000000000000011\LUT=8'01010011 for cells of type $lut.
Using template $paramod$lut\WIDTH=32'00000000000000000000000000000011\LUT=8'11100100 for cells of type $lut.
Using template $paramod$bacdb2105cbfbe75cfbcc2fb021fd3aba864526b$lut for cells of type $lut.
Using template $paramod$efc60783c939ae41b2f3555af407b17c007b27f8$lut for cells of type $lut.
Using template $paramod$a7c07944e10969b2e1fd563a5b72f89493cb3705$lut for cells of type $lut.
Using template $paramod$lut\WIDTH=32'00000000000000000000000000000011\LUT=8'00100111 for cells of type $lut.
Using template $paramod$lut\WIDTH=32'00000000000000000000000000000011\LUT=8'11011000 for cells of type $lut.
Using template $paramod$75d5c453cca75cc7a7ca320c4fb7be0932b6aaa7$lut for cells of type $lut.
Using template $paramod$da98d9e875932ba6a280d468e3b5f7014491d245$lut for cells of type $lut.
Using template $paramod$e6a488add0b5a2d742e2ae29f62ce7616e04271d$lut for cells of type $lut.
Using template $paramod$lut\WIDTH=32'00000000000000000000000000000011\LUT=8'10110001 for cells of type $lut.
Using template $paramod$lut\WIDTH=32'00000000000000000000000000000011\LUT=8'10101000 for cells of type $lut.
Using template $paramod$lut\WIDTH=32'00000000000000000000000000000011\LUT=8'00011011 for cells of type $lut.
Using template $paramod$77268019239d7d46332da9cb6aa01cbf3ba29ee3$lut for cells of type $lut.
Using template $paramod$c7754eeb17b54dfe53ea4a973db3714d78ced2f9$lut for cells of type $lut.
Using template $paramod$9e394303e290a474880b56f98766417009256d93$lut for cells of type $lut.
Using template $paramod$7e3d8ac009723e554811ad53385162c0e6a41625$lut for cells of type $lut.
Using template $paramod$a82a699dba54b8465366aeb90aba90d3d29adde0$lut for cells of type $lut.
Using template $paramod$7a0b348a7069d0c8f44afe945e212fcf3f3fd64c$lut for cells of type $lut.
Using template $paramod$eab8c2e20ad6848564bec45c7148558972138f5b$lut for cells of type $lut.
Using template $paramod$ffc80aea4aa44f0166b2d4713ba5912f56e92991$lut for cells of type $lut.
Using template $paramod$c8f16510db975553c8b0be1064e8f5234175f8a8$lut for cells of type $lut.
Using template $paramod$b04f0510561c4bbb703d2e39c6eca682b920366b$lut for cells of type $lut.
Using template $paramod$0acc8d601702e9b60288baa3d5cf1d38d4f22457$lut for cells of type $lut.
Using template $paramod$d909494d67d7075f17a422f7cb5526f6d6564ea6$lut for cells of type $lut.
Using template $paramod$9506ecf18c91672f3dae4008b6ad1f2863e8019f$lut for cells of type $lut.
Using template $paramod$lut\WIDTH=32'00000000000000000000000000000011\LUT=8'00100011 for cells of type $lut.
Using template $paramod$lut\WIDTH=32'00000000000000000000000000000011\LUT=8'00110101 for cells of type $lut.
Using template $paramod$0ee0167fb5dd83bdfe7197fff23e2c7146c57037$lut for cells of type $lut.
Using template $paramod$068092ddede495d8462ffe530e6d91711913edbc$lut for cells of type $lut.
Using template $paramod$lut\WIDTH=32'00000000000000000000000000000010\LUT=4'0001 for cells of type $lut.
Using template $paramod$a1d323730045824cfc84bb9f4ee8031f1c4dcc9e$lut for cells of type $lut.
Using template $paramod$5502a85110dbca29ac631107f0b0635e7fade476$lut for cells of type $lut.
Using template $paramod$018d71a0fe325d6362687fe53ac13dd6340e400d$lut for cells of type $lut.
Using template $paramod$bbed798b1dd76717faf40eb69905548db4786b75$lut for cells of type $lut.
Using template $paramod$lut\WIDTH=32'00000000000000000000000000000010\LUT=4'0111 for cells of type $lut.
Using template $paramod$lut\WIDTH=32'00000000000000000000000000000010\LUT=4'0100 for cells of type $lut.
Using template $paramod$lut\WIDTH=32'00000000000000000000000000000011\LUT=8'00010100 for cells of type $lut.
Using template $paramod$lut\WIDTH=32'00000000000000000000000000000010\LUT=4'0010 for cells of type $lut.
Using template $paramod$b3f8492b654d6f4d7d1d31e0c18d0c5631447158$lut for cells of type $lut.
Using template $paramod$lut\WIDTH=32'00000000000000000000000000000011\LUT=8'11010000 for cells of type $lut.
Using template $paramod$lut\WIDTH=32'00000000000000000000000000000010\LUT=4'0110 for cells of type $lut.
Using template $paramod$32abbd1d449a67fb913b4733374e345d4c17175b$lut for cells of type $lut.
Using template $paramod$8d7a8d6e3356de09670738ba85f2c6b874f6b06d$lut for cells of type $lut.
Using template $paramod$c8d76329e2cacdfd0dddb761c7b0e8feb8f91509$lut for cells of type $lut.
Using template $paramod$lut\WIDTH=32'00000000000000000000000000000011\LUT=8'10000000 for cells of type $lut.
Using template $paramod$lut\WIDTH=32'00000000000000000000000000000011\LUT=8'00100000 for cells of type $lut.
Using template $paramod$lut\WIDTH=32'00000000000000000000000000000011\LUT=8'01000000 for cells of type $lut.
Using template $paramod$lut\WIDTH=32'00000000000000000000000000000011\LUT=8'00010000 for cells of type $lut.
Using template $paramod$aff3a645bb9f572421a4f0f49cf8987ceb4bcdc5$lut for cells of type $lut.
Using template $paramod$lut\WIDTH=32'00000000000000000000000000000011\LUT=8'00110001 for cells of type $lut.
Using template $paramod$12879138d1e376f344e47ea40be66b776233be75$lut for cells of type $lut.
Using template $paramod$lut\WIDTH=32'00000000000000000000000000000011\LUT=8'10010000 for cells of type $lut.
Using template $paramod$fccccf8bb2add7667329c686feec7546eb9a3ae3$lut for cells of type $lut.
Using template $paramod$782961deb8dc512aef835b73aa3765da3ab3c15c$lut for cells of type $lut.
No more expansions possible.
<suppressed ~1213 debug messages>
Removed 0 unused cells and 556 unused wires.

5.47. Executing AUTONAME pass.
Renamed 675 objects in module top (131 iterations).
<suppressed ~675 debug messages>

5.48. Executing HIERARCHY pass (managing design hierarchy).
Attribute `top' found on module `top'. Setting top module to top.

5.48.1. Analyzing design hierarchy..
Top module:  \top

5.48.2. Analyzing design hierarchy..
Top module:  \top
Removed 0 unused modules.

5.49. Printing statistics.

=== top ===

        +----------Local Count, excluding submodules.
        | 
      265 wires
      632 wire bits
      265 public wires
      632 public wire bits
        9 ports
        9 port bits
        3 cells
        3   $scopeinfo
      466 submodules
       48   SB_CARRY
        3   SB_DFF
      140   SB_DFFE
       38   SB_DFFESR
        2   SB_DFFESS
      235   SB_LUT4

=== design hierarchy ===

        +----------Count including submodules.
        | 
        3 top

        +----------Count including submodules.
        | 
      265 wires
      632 wire bits
      265 public wires
      632 public wire bits
        9 ports
        9 port bits
        - memories
        - memory bits
        - processes
        3 cells
        3   $scopeinfo
      466 submodules
       48   SB_CARRY
        3   SB_DFF
      140   SB_DFFE
       38   SB_DFFESR
        2   SB_DFFESS
      235   SB_LUT4

5.50. Executing CHECK pass (checking for obvious problems).
Checking module top...
Found and reported 0 problems.

5.51. Executing JSON backend.

End of script. Logfile hash: 888da3b807, time: 2.55s, user: 2.04s, system: 0.15s, MEM: 29.59 MB peak
Yosys 0.63+190 (git sha1 37ca545b6-dirty, x86_64-apple-darwin23.5-clang++ 18.1.8 -fPIC -O3)
Time spent: 51% 27x read_verilog (1 sec), 11% 1x abc9_exe (0 sec), ...
